{"/home/euphrasy-meyo/Documents/js-game-keep-white-space/main.js": {"path":"/home/euphrasy-meyo/Documents/js-game-keep-white-space/main.js","statementMap":{"0":{"start":{"line":1,"column":25},"end":{"line":1,"column":27}},"1":{"start":{"line":2,"column":24},"end":{"line":2,"column":26}},"2":{"start":{"line":3,"column":26},"end":{"line":3,"column":33}},"3":{"start":{"line":6,"column":20},"end":{"line":6,"column":23}},"4":{"start":{"line":7,"column":28},"end":{"line":7,"column":31}},"5":{"start":{"line":8,"column":26},"end":{"line":8,"column":29}},"6":{"start":{"line":9,"column":26},"end":{"line":9,"column":29}},"7":{"start":{"line":10,"column":29},"end":{"line":10,"column":32}},"8":{"start":{"line":12,"column":17},"end":{"line":16,"column":1}},"9":{"start":{"line":18,"column":18},"end":{"line":25,"column":1}},"10":{"start":{"line":27,"column":19},"end":{"line":32,"column":1}},"11":{"start":{"line":35,"column":21},"end":{"line":48,"column":1}},"12":{"start":{"line":50,"column":10},"end":{"line":50,"column":14}},"13":{"start":{"line":51,"column":13},"end":{"line":51,"column":17}},"14":{"start":{"line":52,"column":14},"end":{"line":52,"column":18}},"15":{"start":{"line":53,"column":14},"end":{"line":53,"column":18}},"16":{"start":{"line":54,"column":17},"end":{"line":54,"column":21}},"17":{"start":{"line":55,"column":16},"end":{"line":55,"column":42}},"18":{"start":{"line":58,"column":2},"end":{"line":58,"column":30}},"19":{"start":{"line":62,"column":16},"end":{"line":62,"column":32}},"20":{"start":{"line":63,"column":2},"end":{"line":65,"column":3}},"21":{"start":{"line":64,"column":4},"end":{"line":64,"column":11}},"22":{"start":{"line":67,"column":2},"end":{"line":67,"column":36}},"23":{"start":{"line":68,"column":21},"end":{"line":68,"column":30}},"24":{"start":{"line":69,"column":11},"end":{"line":69,"column":12}},"25":{"start":{"line":70,"column":2},"end":{"line":74,"column":3}},"26":{"start":{"line":71,"column":4},"end":{"line":71,"column":46}},"27":{"start":{"line":72,"column":9},"end":{"line":74,"column":3}},"28":{"start":{"line":73,"column":4},"end":{"line":73,"column":42}},"29":{"start":{"line":76,"column":18},"end":{"line":76,"column":57}},"30":{"start":{"line":77,"column":2},"end":{"line":77,"column":18}},"31":{"start":{"line":78,"column":2},"end":{"line":78,"column":23}},"32":{"start":{"line":79,"column":2},"end":{"line":79,"column":20}},"33":{"start":{"line":80,"column":2},"end":{"line":83,"column":3}},"34":{"start":{"line":81,"column":4},"end":{"line":82,"column":71}},"35":{"start":{"line":82,"column":8},"end":{"line":82,"column":69}},"36":{"start":{"line":84,"column":2},"end":{"line":85,"column":67}},"37":{"start":{"line":85,"column":6},"end":{"line":85,"column":65}},"38":{"start":{"line":90,"column":4},"end":{"line":90,"column":15}},"39":{"start":{"line":91,"column":4},"end":{"line":91,"column":15}},"40":{"start":{"line":95,"column":4},"end":{"line":95,"column":30}},"41":{"start":{"line":99,"column":12},"end":{"line":99,"column":29}},"42":{"start":{"line":100,"column":4},"end":{"line":100,"column":17}},"43":{"start":{"line":101,"column":4},"end":{"line":101,"column":17}},"44":{"start":{"line":102,"column":4},"end":{"line":102,"column":16}},"45":{"start":{"line":106,"column":12},"end":{"line":106,"column":36}},"46":{"start":{"line":107,"column":12},"end":{"line":107,"column":36}},"47":{"start":{"line":108,"column":4},"end":{"line":108,"column":29}},"48":{"start":{"line":112,"column":4},"end":{"line":112,"column":17}},"49":{"start":{"line":113,"column":4},"end":{"line":113,"column":17}},"50":{"start":{"line":114,"column":4},"end":{"line":114,"column":16}},"51":{"start":{"line":120,"column":4},"end":{"line":120,"column":19}},"52":{"start":{"line":121,"column":4},"end":{"line":121,"column":15}},"53":{"start":{"line":122,"column":4},"end":{"line":122,"column":15}},"54":{"start":{"line":123,"column":4},"end":{"line":123,"column":74}},"55":{"start":{"line":124,"column":4},"end":{"line":124,"column":30}},"56":{"start":{"line":125,"column":4},"end":{"line":125,"column":42}},"57":{"start":{"line":126,"column":4},"end":{"line":126,"column":31}},"58":{"start":{"line":127,"column":4},"end":{"line":127,"column":29}},"59":{"start":{"line":130,"column":4},"end":{"line":130,"column":29}},"60":{"start":{"line":134,"column":4},"end":{"line":134,"column":15}},"61":{"start":{"line":135,"column":4},"end":{"line":135,"column":15}},"62":{"start":{"line":139,"column":4},"end":{"line":139,"column":28}},"63":{"start":{"line":143,"column":4},"end":{"line":143,"column":69}},"64":{"start":{"line":144,"column":4},"end":{"line":144,"column":91}},"65":{"start":{"line":145,"column":4},"end":{"line":145,"column":91}},"66":{"start":{"line":149,"column":12},"end":{"line":149,"column":20}},"67":{"start":{"line":150,"column":12},"end":{"line":150,"column":20}},"68":{"start":{"line":151,"column":4},"end":{"line":155,"column":5}},"69":{"start":{"line":152,"column":6},"end":{"line":152,"column":22}},"70":{"start":{"line":153,"column":11},"end":{"line":155,"column":5}},"71":{"start":{"line":154,"column":6},"end":{"line":154,"column":30}},"72":{"start":{"line":156,"column":4},"end":{"line":160,"column":5}},"73":{"start":{"line":157,"column":6},"end":{"line":157,"column":22}},"74":{"start":{"line":158,"column":11},"end":{"line":160,"column":5}},"75":{"start":{"line":159,"column":6},"end":{"line":159,"column":31}},"76":{"start":{"line":161,"column":4},"end":{"line":161,"column":17}},"77":{"start":{"line":162,"column":4},"end":{"line":162,"column":17}},"78":{"start":{"line":166,"column":4},"end":{"line":166,"column":38}},"79":{"start":{"line":166,"column":31},"end":{"line":166,"column":38}},"80":{"start":{"line":167,"column":14},"end":{"line":167,"column":19}},"81":{"start":{"line":168,"column":13},"end":{"line":168,"column":46}},"82":{"start":{"line":169,"column":4},"end":{"line":185,"column":5}},"83":{"start":{"line":170,"column":6},"end":{"line":182,"column":7}},"84":{"start":{"line":171,"column":17},"end":{"line":171,"column":58}},"85":{"start":{"line":172,"column":8},"end":{"line":172,"column":33}},"86":{"start":{"line":173,"column":8},"end":{"line":173,"column":71}},"87":{"start":{"line":174,"column":17},"end":{"line":174,"column":58}},"88":{"start":{"line":175,"column":8},"end":{"line":177,"column":9}},"89":{"start":{"line":176,"column":10},"end":{"line":176,"column":42}},"90":{"start":{"line":178,"column":8},"end":{"line":178,"column":19}},"91":{"start":{"line":180,"column":8},"end":{"line":180,"column":19}},"92":{"start":{"line":181,"column":8},"end":{"line":181,"column":19}},"93":{"start":{"line":184,"column":6},"end":{"line":184,"column":69}},"94":{"start":{"line":186,"column":13},"end":{"line":186,"column":66}},"95":{"start":{"line":187,"column":4},"end":{"line":187,"column":34}},"96":{"start":{"line":188,"column":4},"end":{"line":188,"column":59}},"97":{"start":{"line":189,"column":4},"end":{"line":189,"column":31}},"98":{"start":{"line":190,"column":17},"end":{"line":190,"column":21}},"99":{"start":{"line":191,"column":4},"end":{"line":193,"column":5}},"100":{"start":{"line":191,"column":34},"end":{"line":191,"column":53}},"101":{"start":{"line":192,"column":6},"end":{"line":192,"column":28}},"102":{"start":{"line":194,"column":4},"end":{"line":194,"column":27}},"103":{"start":{"line":198,"column":4},"end":{"line":198,"column":70}},"104":{"start":{"line":199,"column":4},"end":{"line":201,"column":5}},"105":{"start":{"line":200,"column":6},"end":{"line":200,"column":13}},"106":{"start":{"line":202,"column":4},"end":{"line":202,"column":25}},"107":{"start":{"line":203,"column":4},"end":{"line":203,"column":33}},"108":{"start":{"line":204,"column":4},"end":{"line":204,"column":35}},"109":{"start":{"line":205,"column":4},"end":{"line":205,"column":27}},"110":{"start":{"line":206,"column":4},"end":{"line":206,"column":35}},"111":{"start":{"line":207,"column":4},"end":{"line":207,"column":31}},"112":{"start":{"line":208,"column":4},"end":{"line":208,"column":31}},"113":{"start":{"line":209,"column":4},"end":{"line":209,"column":29}},"114":{"start":{"line":210,"column":4},"end":{"line":210,"column":44}},"115":{"start":{"line":211,"column":4},"end":{"line":211,"column":48}},"116":{"start":{"line":212,"column":4},"end":{"line":212,"column":48}},"117":{"start":{"line":213,"column":4},"end":{"line":213,"column":25}},"118":{"start":{"line":214,"column":4},"end":{"line":214,"column":22}},"119":{"start":{"line":215,"column":4},"end":{"line":215,"column":20}},"120":{"start":{"line":217,"column":4},"end":{"line":217,"column":25}},"121":{"start":{"line":218,"column":4},"end":{"line":218,"column":33}},"122":{"start":{"line":219,"column":4},"end":{"line":219,"column":48}},"123":{"start":{"line":220,"column":4},"end":{"line":220,"column":52}},"124":{"start":{"line":221,"column":4},"end":{"line":221,"column":31}},"125":{"start":{"line":222,"column":4},"end":{"line":222,"column":31}},"126":{"start":{"line":223,"column":4},"end":{"line":223,"column":28}},"127":{"start":{"line":224,"column":4},"end":{"line":230,"column":14}},"128":{"start":{"line":231,"column":4},"end":{"line":231,"column":22}},"129":{"start":{"line":237,"column":4},"end":{"line":237,"column":19}},"130":{"start":{"line":238,"column":4},"end":{"line":238,"column":22}},"131":{"start":{"line":239,"column":4},"end":{"line":239,"column":29}},"132":{"start":{"line":240,"column":4},"end":{"line":240,"column":22}},"133":{"start":{"line":244,"column":17},"end":{"line":244,"column":21}},"134":{"start":{"line":245,"column":15},"end":{"line":250,"column":5}},"135":{"start":{"line":246,"column":6},"end":{"line":249,"column":31}},"136":{"start":{"line":247,"column":8},"end":{"line":247,"column":66}},"137":{"start":{"line":248,"column":8},"end":{"line":248,"column":15}},"138":{"start":{"line":251,"column":4},"end":{"line":251,"column":37}},"139":{"start":{"line":255,"column":4},"end":{"line":255,"column":58}},"140":{"start":{"line":259,"column":4},"end":{"line":259,"column":53}},"141":{"start":{"line":259,"column":44},"end":{"line":259,"column":51}},"142":{"start":{"line":263,"column":14},"end":{"line":263,"column":19}},"143":{"start":{"line":264,"column":13},"end":{"line":264,"column":46}},"144":{"start":{"line":265,"column":4},"end":{"line":267,"column":86}},"145":{"start":{"line":266,"column":23},"end":{"line":266,"column":48}},"146":{"start":{"line":267,"column":26},"end":{"line":267,"column":84}},"147":{"start":{"line":268,"column":4},"end":{"line":268,"column":27}},"148":{"start":{"line":272,"column":4},"end":{"line":272,"column":70}},"149":{"start":{"line":273,"column":4},"end":{"line":273,"column":50}},"150":{"start":{"line":273,"column":35},"end":{"line":273,"column":48}},"151":{"start":{"line":279,"column":4},"end":{"line":279,"column":19}},"152":{"start":{"line":280,"column":4},"end":{"line":280,"column":31}},"153":{"start":{"line":281,"column":4},"end":{"line":281,"column":25}},"154":{"start":{"line":282,"column":4},"end":{"line":282,"column":42}},"155":{"start":{"line":286,"column":12},"end":{"line":286,"column":20}},"156":{"start":{"line":287,"column":12},"end":{"line":287,"column":20}},"157":{"start":{"line":288,"column":12},"end":{"line":288,"column":23}},"158":{"start":{"line":289,"column":4},"end":{"line":292,"column":30}},"159":{"start":{"line":296,"column":4},"end":{"line":296,"column":76}},"160":{"start":{"line":297,"column":4},"end":{"line":297,"column":16}},"161":{"start":{"line":301,"column":4},"end":{"line":301,"column":25}},"162":{"start":{"line":302,"column":4},"end":{"line":302,"column":33}},"163":{"start":{"line":303,"column":4},"end":{"line":303,"column":48}},"164":{"start":{"line":304,"column":4},"end":{"line":304,"column":35}},"165":{"start":{"line":305,"column":4},"end":{"line":305,"column":31}},"166":{"start":{"line":306,"column":4},"end":{"line":306,"column":31}},"167":{"start":{"line":307,"column":4},"end":{"line":307,"column":29}},"168":{"start":{"line":308,"column":4},"end":{"line":314,"column":14}},"169":{"start":{"line":315,"column":4},"end":{"line":315,"column":22}},"170":{"start":{"line":316,"column":4},"end":{"line":316,"column":20}},"171":{"start":{"line":318,"column":4},"end":{"line":318,"column":52}},"172":{"start":{"line":319,"column":4},"end":{"line":319,"column":31}},"173":{"start":{"line":320,"column":4},"end":{"line":320,"column":31}},"174":{"start":{"line":321,"column":4},"end":{"line":321,"column":28}},"175":{"start":{"line":327,"column":4},"end":{"line":327,"column":15}},"176":{"start":{"line":328,"column":4},"end":{"line":328,"column":15}},"177":{"start":{"line":332,"column":4},"end":{"line":332,"column":47}},"178":{"start":{"line":336,"column":12},"end":{"line":336,"column":18}},"179":{"start":{"line":337,"column":4},"end":{"line":337,"column":43}},"180":{"start":{"line":341,"column":4},"end":{"line":341,"column":39}},"181":{"start":{"line":345,"column":4},"end":{"line":345,"column":39}},"182":{"start":{"line":349,"column":4},"end":{"line":349,"column":17}},"183":{"start":{"line":350,"column":4},"end":{"line":350,"column":17}},"184":{"start":{"line":356,"column":4},"end":{"line":356,"column":19}},"185":{"start":{"line":357,"column":4},"end":{"line":357,"column":22}},"186":{"start":{"line":358,"column":4},"end":{"line":358,"column":25}},"187":{"start":{"line":359,"column":4},"end":{"line":359,"column":34}},"188":{"start":{"line":360,"column":4},"end":{"line":360,"column":22}},"189":{"start":{"line":361,"column":4},"end":{"line":361,"column":29}},"190":{"start":{"line":365,"column":17},"end":{"line":365,"column":21}},"191":{"start":{"line":366,"column":15},"end":{"line":371,"column":5}},"192":{"start":{"line":367,"column":6},"end":{"line":370,"column":24}},"193":{"start":{"line":368,"column":8},"end":{"line":368,"column":24}},"194":{"start":{"line":369,"column":8},"end":{"line":369,"column":15}},"195":{"start":{"line":372,"column":4},"end":{"line":372,"column":37}},"196":{"start":{"line":376,"column":17},"end":{"line":376,"column":40}},"197":{"start":{"line":377,"column":12},"end":{"line":377,"column":82}},"198":{"start":{"line":378,"column":12},"end":{"line":378,"column":83}},"199":{"start":{"line":379,"column":17},"end":{"line":379,"column":44}},"200":{"start":{"line":380,"column":13},"end":{"line":380,"column":69}},"201":{"start":{"line":381,"column":13},"end":{"line":381,"column":69}},"202":{"start":{"line":382,"column":16},"end":{"line":382,"column":77}},"203":{"start":{"line":383,"column":12},"end":{"line":389,"column":14}},"204":{"start":{"line":390,"column":4},"end":{"line":390,"column":25}},"205":{"start":{"line":394,"column":14},"end":{"line":394,"column":19}},"206":{"start":{"line":395,"column":13},"end":{"line":395,"column":46}},"207":{"start":{"line":396,"column":18},"end":{"line":402,"column":10}},"208":{"start":{"line":397,"column":22},"end":{"line":397,"column":41}},"209":{"start":{"line":398,"column":25},"end":{"line":398,"column":40}},"210":{"start":{"line":400,"column":10},"end":{"line":400,"column":32}},"211":{"start":{"line":401,"column":10},"end":{"line":401,"column":23}},"212":{"start":{"line":403,"column":21},"end":{"line":403,"column":70}},"213":{"start":{"line":403,"column":50},"end":{"line":403,"column":69}},"214":{"start":{"line":404,"column":4},"end":{"line":406,"column":54}},"215":{"start":{"line":405,"column":25},"end":{"line":405,"column":49}},"216":{"start":{"line":406,"column":25},"end":{"line":406,"column":52}},"217":{"start":{"line":407,"column":17},"end":{"line":407,"column":21}},"218":{"start":{"line":408,"column":4},"end":{"line":412,"column":6}},"219":{"start":{"line":409,"column":8},"end":{"line":411,"column":51}},"220":{"start":{"line":410,"column":26},"end":{"line":410,"column":57}},"221":{"start":{"line":411,"column":27},"end":{"line":411,"column":50}},"222":{"start":{"line":413,"column":4},"end":{"line":413,"column":27}},"223":{"start":{"line":417,"column":4},"end":{"line":417,"column":70}},"224":{"start":{"line":418,"column":4},"end":{"line":418,"column":48}},"225":{"start":{"line":418,"column":34},"end":{"line":418,"column":46}},"226":{"start":{"line":424,"column":4},"end":{"line":424,"column":19}},"227":{"start":{"line":425,"column":4},"end":{"line":425,"column":31}},"228":{"start":{"line":426,"column":4},"end":{"line":426,"column":29}},"229":{"start":{"line":427,"column":4},"end":{"line":427,"column":25}},"230":{"start":{"line":428,"column":4},"end":{"line":428,"column":23}},"231":{"start":{"line":429,"column":4},"end":{"line":429,"column":30}},"232":{"start":{"line":433,"column":4},"end":{"line":433,"column":60}},"233":{"start":{"line":434,"column":4},"end":{"line":434,"column":29}},"234":{"start":{"line":438,"column":4},"end":{"line":438,"column":18}},"235":{"start":{"line":439,"column":4},"end":{"line":439,"column":20}},"236":{"start":{"line":440,"column":4},"end":{"line":440,"column":16}},"237":{"start":{"line":444,"column":16},"end":{"line":444,"column":34}},"238":{"start":{"line":445,"column":17},"end":{"line":445,"column":36}},"239":{"start":{"line":446,"column":12},"end":{"line":446,"column":20}},"240":{"start":{"line":447,"column":12},"end":{"line":447,"column":20}},"241":{"start":{"line":448,"column":4},"end":{"line":454,"column":5}},"242":{"start":{"line":449,"column":6},"end":{"line":449,"column":30}},"243":{"start":{"line":450,"column":6},"end":{"line":450,"column":50}},"244":{"start":{"line":451,"column":11},"end":{"line":454,"column":5}},"245":{"start":{"line":452,"column":6},"end":{"line":452,"column":40}},"246":{"start":{"line":453,"column":6},"end":{"line":453,"column":51}},"247":{"start":{"line":455,"column":4},"end":{"line":461,"column":5}},"248":{"start":{"line":456,"column":6},"end":{"line":456,"column":30}},"249":{"start":{"line":457,"column":6},"end":{"line":457,"column":50}},"250":{"start":{"line":458,"column":11},"end":{"line":461,"column":5}},"251":{"start":{"line":459,"column":6},"end":{"line":459,"column":40}},"252":{"start":{"line":460,"column":6},"end":{"line":460,"column":51}},"253":{"start":{"line":462,"column":4},"end":{"line":462,"column":17}},"254":{"start":{"line":463,"column":4},"end":{"line":463,"column":17}},"255":{"start":{"line":467,"column":4},"end":{"line":467,"column":34}},"256":{"start":{"line":471,"column":17},"end":{"line":471,"column":21}},"257":{"start":{"line":472,"column":17},"end":{"line":472,"column":63}},"258":{"start":{"line":472,"column":43},"end":{"line":472,"column":62}},"259":{"start":{"line":473,"column":4},"end":{"line":476,"column":5}},"260":{"start":{"line":474,"column":6},"end":{"line":474,"column":34}},"261":{"start":{"line":475,"column":6},"end":{"line":475,"column":18}},"262":{"start":{"line":477,"column":4},"end":{"line":477,"column":17}},"263":{"start":{"line":481,"column":13},"end":{"line":481,"column":17}},"264":{"start":{"line":483,"column":19},"end":{"line":483,"column":77}},"265":{"start":{"line":484,"column":18},"end":{"line":484,"column":50}},"266":{"start":{"line":485,"column":12},"end":{"line":485,"column":53}},"267":{"start":{"line":486,"column":20},"end":{"line":486,"column":39}},"268":{"start":{"line":487,"column":20},"end":{"line":487,"column":37}},"269":{"start":{"line":489,"column":4},"end":{"line":489,"column":40}},"270":{"start":{"line":490,"column":4},"end":{"line":490,"column":40}},"271":{"start":{"line":491,"column":4},"end":{"line":491,"column":40}},"272":{"start":{"line":492,"column":4},"end":{"line":492,"column":40}},"273":{"start":{"line":494,"column":20},"end":{"line":494,"column":58}},"274":{"start":{"line":495,"column":20},"end":{"line":495,"column":58}},"275":{"start":{"line":497,"column":16},"end":{"line":497,"column":57}},"276":{"start":{"line":498,"column":16},"end":{"line":498,"column":57}},"277":{"start":{"line":499,"column":16},"end":{"line":499,"column":57}},"278":{"start":{"line":500,"column":16},"end":{"line":500,"column":57}},"279":{"start":{"line":502,"column":4},"end":{"line":502,"column":64}},"280":{"start":{"line":503,"column":4},"end":{"line":503,"column":64}},"281":{"start":{"line":507,"column":12},"end":{"line":507,"column":39}},"282":{"start":{"line":508,"column":4},"end":{"line":508,"column":86}},"283":{"start":{"line":512,"column":4},"end":{"line":512,"column":25}},"284":{"start":{"line":513,"column":4},"end":{"line":513,"column":36}},"285":{"start":{"line":514,"column":4},"end":{"line":514,"column":48}},"286":{"start":{"line":515,"column":4},"end":{"line":515,"column":27}},"287":{"start":{"line":516,"column":4},"end":{"line":516,"column":35}},"288":{"start":{"line":517,"column":4},"end":{"line":517,"column":31}},"289":{"start":{"line":518,"column":4},"end":{"line":518,"column":31}},"290":{"start":{"line":519,"column":4},"end":{"line":519,"column":29}},"291":{"start":{"line":520,"column":4},"end":{"line":526,"column":14}},"292":{"start":{"line":527,"column":4},"end":{"line":527,"column":22}},"293":{"start":{"line":528,"column":4},"end":{"line":528,"column":20}},"294":{"start":{"line":530,"column":4},"end":{"line":530,"column":33}},"295":{"start":{"line":531,"column":4},"end":{"line":531,"column":27}},"296":{"start":{"line":532,"column":4},"end":{"line":532,"column":52}},"297":{"start":{"line":533,"column":4},"end":{"line":533,"column":31}},"298":{"start":{"line":534,"column":4},"end":{"line":534,"column":31}},"299":{"start":{"line":535,"column":4},"end":{"line":535,"column":28}},"300":{"start":{"line":536,"column":4},"end":{"line":544,"column":18}},"301":{"start":{"line":550,"column":4},"end":{"line":550,"column":19}},"302":{"start":{"line":551,"column":4},"end":{"line":551,"column":22}},"303":{"start":{"line":555,"column":21},"end":{"line":555,"column":22}},"304":{"start":{"line":556,"column":4},"end":{"line":565,"column":5}},"305":{"start":{"line":556,"column":17},"end":{"line":556,"column":18}},"306":{"start":{"line":557,"column":6},"end":{"line":564,"column":7}},"307":{"start":{"line":557,"column":19},"end":{"line":557,"column":20}},"308":{"start":{"line":558,"column":18},"end":{"line":558,"column":56}},"309":{"start":{"line":559,"column":8},"end":{"line":563,"column":9}},"310":{"start":{"line":562,"column":10},"end":{"line":562,"column":23}},"311":{"start":{"line":566,"column":4},"end":{"line":566,"column":67}},"312":{"start":{"line":570,"column":4},"end":{"line":570,"column":20}},"313":{"start":{"line":571,"column":4},"end":{"line":571,"column":26}},"314":{"start":{"line":575,"column":4},"end":{"line":575,"column":25}},"315":{"start":{"line":576,"column":4},"end":{"line":576,"column":37}},"316":{"start":{"line":577,"column":4},"end":{"line":583,"column":14}},"317":{"start":{"line":584,"column":4},"end":{"line":584,"column":20}},"318":{"start":{"line":586,"column":4},"end":{"line":586,"column":26}},"319":{"start":{"line":590,"column":4},"end":{"line":590,"column":86}},"320":{"start":{"line":594,"column":4},"end":{"line":594,"column":70}},"321":{"start":{"line":595,"column":4},"end":{"line":595,"column":43}},"322":{"start":{"line":596,"column":4},"end":{"line":596,"column":69}},"323":{"start":{"line":600,"column":4},"end":{"line":600,"column":70}},"324":{"start":{"line":601,"column":4},"end":{"line":601,"column":44}},"325":{"start":{"line":607,"column":4},"end":{"line":607,"column":19}},"326":{"start":{"line":608,"column":4},"end":{"line":608,"column":27}},"327":{"start":{"line":609,"column":4},"end":{"line":609,"column":29}},"328":{"start":{"line":610,"column":4},"end":{"line":610,"column":28}},"329":{"start":{"line":611,"column":4},"end":{"line":611,"column":26}},"330":{"start":{"line":612,"column":4},"end":{"line":612,"column":27}},"331":{"start":{"line":613,"column":4},"end":{"line":613,"column":22}},"332":{"start":{"line":614,"column":4},"end":{"line":614,"column":29}},"333":{"start":{"line":615,"column":4},"end":{"line":615,"column":29}},"334":{"start":{"line":619,"column":17},"end":{"line":619,"column":63}},"335":{"start":{"line":620,"column":16},"end":{"line":620,"column":58}},"336":{"start":{"line":621,"column":16},"end":{"line":621,"column":42}},"337":{"start":{"line":622,"column":4},"end":{"line":622,"column":41}},"338":{"start":{"line":626,"column":4},"end":{"line":626,"column":28}},"339":{"start":{"line":627,"column":4},"end":{"line":627,"column":28}},"340":{"start":{"line":628,"column":4},"end":{"line":628,"column":31}},"341":{"start":{"line":629,"column":4},"end":{"line":629,"column":29}},"342":{"start":{"line":633,"column":17},"end":{"line":633,"column":21}},"343":{"start":{"line":634,"column":15},"end":{"line":639,"column":5}},"344":{"start":{"line":635,"column":6},"end":{"line":638,"column":16}},"345":{"start":{"line":636,"column":8},"end":{"line":636,"column":23}},"346":{"start":{"line":637,"column":8},"end":{"line":637,"column":15}},"347":{"start":{"line":640,"column":4},"end":{"line":640,"column":44}},"348":{"start":{"line":644,"column":4},"end":{"line":648,"column":5}},"349":{"start":{"line":645,"column":6},"end":{"line":645,"column":30}},"350":{"start":{"line":647,"column":6},"end":{"line":647,"column":32}},"351":{"start":{"line":649,"column":4},"end":{"line":649,"column":30}},"352":{"start":{"line":653,"column":13},"end":{"line":653,"column":35}},"353":{"start":{"line":654,"column":4},"end":{"line":654,"column":41}},"354":{"start":{"line":656,"column":21},"end":{"line":656,"column":40}},"355":{"start":{"line":657,"column":4},"end":{"line":657,"column":59}},"356":{"start":{"line":659,"column":4},"end":{"line":659,"column":56}},"357":{"start":{"line":663,"column":4},"end":{"line":663,"column":27}},"358":{"start":{"line":664,"column":4},"end":{"line":664,"column":32}},"359":{"start":{"line":665,"column":4},"end":{"line":665,"column":36}},"360":{"start":{"line":666,"column":4},"end":{"line":666,"column":24}},"361":{"start":{"line":670,"column":4},"end":{"line":670,"column":70}},"362":{"start":{"line":671,"column":4},"end":{"line":671,"column":32}},"363":{"start":{"line":672,"column":4},"end":{"line":672,"column":28}},"364":{"start":{"line":673,"column":4},"end":{"line":673,"column":48}},"365":{"start":{"line":674,"column":4},"end":{"line":683,"column":14}},"366":{"start":{"line":685,"column":4},"end":{"line":685,"column":32}},"367":{"start":{"line":686,"column":4},"end":{"line":686,"column":27}},"368":{"start":{"line":687,"column":4},"end":{"line":687,"column":48}},"369":{"start":{"line":688,"column":4},"end":{"line":699,"column":14}},"370":{"start":{"line":703,"column":4},"end":{"line":703,"column":24}},"371":{"start":{"line":705,"column":4},"end":{"line":705,"column":70}},"372":{"start":{"line":706,"column":4},"end":{"line":706,"column":52}},"373":{"start":{"line":707,"column":4},"end":{"line":707,"column":27}},"374":{"start":{"line":708,"column":4},"end":{"line":708,"column":48}},"375":{"start":{"line":709,"column":4},"end":{"line":720,"column":14}},"376":{"start":{"line":722,"column":4},"end":{"line":736,"column":5}},"377":{"start":{"line":723,"column":6},"end":{"line":723,"column":54}},"378":{"start":{"line":724,"column":6},"end":{"line":724,"column":29}},"379":{"start":{"line":725,"column":6},"end":{"line":725,"column":50}},"380":{"start":{"line":726,"column":6},"end":{"line":735,"column":16}},"381":{"start":{"line":740,"column":4},"end":{"line":740,"column":70}},"382":{"start":{"line":741,"column":4},"end":{"line":741,"column":31}},"383":{"start":{"line":742,"column":4},"end":{"line":742,"column":28}},"384":{"start":{"line":743,"column":4},"end":{"line":743,"column":54}},"385":{"start":{"line":744,"column":4},"end":{"line":753,"column":14}},"386":{"start":{"line":755,"column":4},"end":{"line":755,"column":33}},"387":{"start":{"line":756,"column":4},"end":{"line":756,"column":27}},"388":{"start":{"line":757,"column":4},"end":{"line":757,"column":48}},"389":{"start":{"line":758,"column":4},"end":{"line":770,"column":14}},"390":{"start":{"line":774,"column":4},"end":{"line":780,"column":5}},"391":{"start":{"line":775,"column":6},"end":{"line":775,"column":26}},"392":{"start":{"line":776,"column":11},"end":{"line":780,"column":5}},"393":{"start":{"line":777,"column":6},"end":{"line":777,"column":31}},"394":{"start":{"line":779,"column":6},"end":{"line":779,"column":23}},"395":{"start":{"line":785,"column":2},"end":{"line":792,"column":3}},"396":{"start":{"line":786,"column":4},"end":{"line":786,"column":62}},"397":{"start":{"line":786,"column":47},"end":{"line":786,"column":60}},"398":{"start":{"line":787,"column":4},"end":{"line":787,"column":60}},"399":{"start":{"line":787,"column":46},"end":{"line":787,"column":58}},"400":{"start":{"line":788,"column":4},"end":{"line":788,"column":58}},"401":{"start":{"line":788,"column":45},"end":{"line":788,"column":56}},"402":{"start":{"line":790,"column":4},"end":{"line":790,"column":76}},"403":{"start":{"line":790,"column":44},"end":{"line":790,"column":74}},"404":{"start":{"line":791,"column":4},"end":{"line":791,"column":75}},"405":{"start":{"line":791,"column":42},"end":{"line":791,"column":73}},"406":{"start":{"line":794,"column":2},"end":{"line":794,"column":16}},"407":{"start":{"line":796,"column":2},"end":{"line":796,"column":36}},"408":{"start":{"line":797,"column":2},"end":{"line":797,"column":23}},"409":{"start":{"line":799,"column":2},"end":{"line":799,"column":40}},"410":{"start":{"line":800,"column":2},"end":{"line":800,"column":38}},"411":{"start":{"line":801,"column":2},"end":{"line":801,"column":40}},"412":{"start":{"line":802,"column":2},"end":{"line":802,"column":46}},"413":{"start":{"line":804,"column":2},"end":{"line":804,"column":32}},"414":{"start":{"line":807,"column":0},"end":{"line":807,"column":38}},"415":{"start":{"line":810,"column":2},"end":{"line":810,"column":44}},"416":{"start":{"line":811,"column":2},"end":{"line":811,"column":38}},"417":{"start":{"line":812,"column":2},"end":{"line":812,"column":42}},"418":{"start":{"line":813,"column":2},"end":{"line":813,"column":36}},"419":{"start":{"line":817,"column":11},"end":{"line":817,"column":28}},"420":{"start":{"line":818,"column":11},"end":{"line":818,"column":29}},"421":{"start":{"line":819,"column":11},"end":{"line":819,"column":31}},"422":{"start":{"line":820,"column":11},"end":{"line":820,"column":32}},"423":{"start":{"line":821,"column":18},"end":{"line":821,"column":35}},"424":{"start":{"line":823,"column":2},"end":{"line":823,"column":34}},"425":{"start":{"line":824,"column":2},"end":{"line":824,"column":63}},"426":{"start":{"line":825,"column":2},"end":{"line":825,"column":65}},"427":{"start":{"line":829,"column":17},"end":{"line":829,"column":49}},"428":{"start":{"line":830,"column":2},"end":{"line":830,"column":23}},"429":{"start":{"line":832,"column":2},"end":{"line":832,"column":59}},"430":{"start":{"line":834,"column":2},"end":{"line":834,"column":33}},"431":{"start":{"line":838,"column":2},"end":{"line":838,"column":32}},"432":{"start":{"line":840,"column":2},"end":{"line":840,"column":11}},"433":{"start":{"line":844,"column":2},"end":{"line":844,"column":26}},"434":{"start":{"line":845,"column":2},"end":{"line":845,"column":28}},"435":{"start":{"line":846,"column":2},"end":{"line":846,"column":28}},"436":{"start":{"line":848,"column":2},"end":{"line":848,"column":13}},"437":{"start":{"line":849,"column":2},"end":{"line":849,"column":16}},"438":{"start":{"line":850,"column":2},"end":{"line":850,"column":17}},"439":{"start":{"line":851,"column":2},"end":{"line":851,"column":17}},"440":{"start":{"line":852,"column":2},"end":{"line":852,"column":20}},"441":{"start":{"line":856,"column":2},"end":{"line":858,"column":3}},"442":{"start":{"line":857,"column":4},"end":{"line":857,"column":34}},"443":{"start":{"line":859,"column":2},"end":{"line":861,"column":3}},"444":{"start":{"line":860,"column":4},"end":{"line":860,"column":27}},"445":{"start":{"line":862,"column":2},"end":{"line":867,"column":3}},"446":{"start":{"line":863,"column":13},"end":{"line":863,"column":41}},"447":{"start":{"line":863,"column":42},"end":{"line":863,"column":48}},"448":{"start":{"line":864,"column":13},"end":{"line":864,"column":39}},"449":{"start":{"line":864,"column":40},"end":{"line":864,"column":46}},"450":{"start":{"line":865,"column":13},"end":{"line":865,"column":42}},"451":{"start":{"line":865,"column":43},"end":{"line":865,"column":49}},"452":{"start":{"line":866,"column":13},"end":{"line":866,"column":41}},"453":{"start":{"line":866,"column":42},"end":{"line":866,"column":48}},"454":{"start":{"line":868,"column":10},"end":{"line":868,"column":65}},"455":{"start":{"line":869,"column":10},"end":{"line":869,"column":62}},"456":{"start":{"line":870,"column":2},"end":{"line":870,"column":31}},"457":{"start":{"line":873,"column":18},"end":{"line":873,"column":19}},"458":{"start":{"line":874,"column":18},"end":{"line":874,"column":19}},"459":{"start":{"line":875,"column":18},"end":{"line":875,"column":23}},"460":{"start":{"line":876,"column":21},"end":{"line":876,"column":23}},"461":{"start":{"line":878,"column":2},"end":{"line":887,"column":3}},"462":{"start":{"line":879,"column":4},"end":{"line":884,"column":5}},"463":{"start":{"line":880,"column":6},"end":{"line":880,"column":36}},"464":{"start":{"line":882,"column":6},"end":{"line":882,"column":25}},"465":{"start":{"line":883,"column":6},"end":{"line":883,"column":49}},"466":{"start":{"line":883,"column":23},"end":{"line":883,"column":42}},"467":{"start":{"line":885,"column":9},"end":{"line":887,"column":3}},"468":{"start":{"line":886,"column":4},"end":{"line":886,"column":27}},"469":{"start":{"line":888,"column":2},"end":{"line":888,"column":35}},"470":{"start":{"line":889,"column":2},"end":{"line":889,"column":35}},"471":{"start":{"line":890,"column":2},"end":{"line":890,"column":27}},"472":{"start":{"line":891,"column":2},"end":{"line":891,"column":27}},"473":{"start":{"line":894,"column":17},"end":{"line":894,"column":18}},"474":{"start":{"line":895,"column":17},"end":{"line":895,"column":18}},"475":{"start":{"line":897,"column":17},"end":{"line":897,"column":42}},"476":{"start":{"line":898,"column":17},"end":{"line":898,"column":42}},"477":{"start":{"line":899,"column":11},"end":{"line":899,"column":33}},"478":{"start":{"line":900,"column":11},"end":{"line":900,"column":33}},"479":{"start":{"line":901,"column":2},"end":{"line":911,"column":3}},"480":{"start":{"line":903,"column":4},"end":{"line":903,"column":42}},"481":{"start":{"line":904,"column":4},"end":{"line":904,"column":36}},"482":{"start":{"line":905,"column":9},"end":{"line":911,"column":3}},"483":{"start":{"line":907,"column":4},"end":{"line":907,"column":78}},"484":{"start":{"line":908,"column":4},"end":{"line":908,"column":26}},"485":{"start":{"line":909,"column":4},"end":{"line":909,"column":26}},"486":{"start":{"line":910,"column":4},"end":{"line":910,"column":50}},"487":{"start":{"line":915,"column":2},"end":{"line":915,"column":34}},"488":{"start":{"line":918,"column":0},"end":{"line":923,"column":1}},"489":{"start":{"line":919,"column":2},"end":{"line":922,"column":4}}},"fnMap":{"0":{"name":"now","decl":{"start":{"line":57,"column":9},"end":{"line":57,"column":12}},"loc":{"start":{"line":57,"column":15},"end":{"line":59,"column":1}},"line":57},"1":{"name":"drawText","decl":{"start":{"line":61,"column":9},"end":{"line":61,"column":17}},"loc":{"start":{"line":61,"column":65},"end":{"line":86,"column":1}},"line":61},"2":{"name":"(anonymous_2)","decl":{"start":{"line":81,"column":18},"end":{"line":81,"column":19}},"loc":{"start":{"line":82,"column":8},"end":{"line":82,"column":69}},"line":82},"3":{"name":"(anonymous_3)","decl":{"start":{"line":84,"column":16},"end":{"line":84,"column":17}},"loc":{"start":{"line":85,"column":6},"end":{"line":85,"column":65}},"line":85},"4":{"name":"(anonymous_4)","decl":{"start":{"line":89,"column":2},"end":{"line":89,"column":3}},"loc":{"start":{"line":89,"column":20},"end":{"line":92,"column":3}},"line":89},"5":{"name":"(anonymous_5)","decl":{"start":{"line":94,"column":2},"end":{"line":94,"column":3}},"loc":{"start":{"line":94,"column":18},"end":{"line":96,"column":3}},"line":94},"6":{"name":"(anonymous_6)","decl":{"start":{"line":98,"column":2},"end":{"line":98,"column":3}},"loc":{"start":{"line":98,"column":14},"end":{"line":103,"column":3}},"line":98},"7":{"name":"(anonymous_7)","decl":{"start":{"line":105,"column":2},"end":{"line":105,"column":3}},"loc":{"start":{"line":105,"column":15},"end":{"line":109,"column":3}},"line":105},"8":{"name":"(anonymous_8)","decl":{"start":{"line":111,"column":2},"end":{"line":111,"column":3}},"loc":{"start":{"line":111,"column":15},"end":{"line":115,"column":3}},"line":111},"9":{"name":"(anonymous_9)","decl":{"start":{"line":119,"column":2},"end":{"line":119,"column":3}},"loc":{"start":{"line":119,"column":19},"end":{"line":131,"column":3}},"line":119},"10":{"name":"(anonymous_10)","decl":{"start":{"line":133,"column":2},"end":{"line":133,"column":3}},"loc":{"start":{"line":133,"column":24},"end":{"line":136,"column":3}},"line":133},"11":{"name":"(anonymous_11)","decl":{"start":{"line":138,"column":2},"end":{"line":138,"column":3}},"loc":{"start":{"line":138,"column":26},"end":{"line":140,"column":3}},"line":138},"12":{"name":"(anonymous_12)","decl":{"start":{"line":142,"column":2},"end":{"line":142,"column":3}},"loc":{"start":{"line":142,"column":24},"end":{"line":146,"column":3}},"line":142},"13":{"name":"(anonymous_13)","decl":{"start":{"line":148,"column":2},"end":{"line":148,"column":3}},"loc":{"start":{"line":148,"column":26},"end":{"line":163,"column":3}},"line":148},"14":{"name":"(anonymous_14)","decl":{"start":{"line":165,"column":2},"end":{"line":165,"column":3}},"loc":{"start":{"line":165,"column":19},"end":{"line":195,"column":3}},"line":165},"15":{"name":"(anonymous_15)","decl":{"start":{"line":191,"column":29},"end":{"line":191,"column":30}},"loc":{"start":{"line":191,"column":34},"end":{"line":191,"column":53}},"line":191},"16":{"name":"(anonymous_16)","decl":{"start":{"line":197,"column":2},"end":{"line":197,"column":3}},"loc":{"start":{"line":197,"column":9},"end":{"line":232,"column":3}},"line":197},"17":{"name":"(anonymous_17)","decl":{"start":{"line":236,"column":2},"end":{"line":236,"column":3}},"loc":{"start":{"line":236,"column":19},"end":{"line":241,"column":3}},"line":236},"18":{"name":"(anonymous_18)","decl":{"start":{"line":243,"column":2},"end":{"line":243,"column":3}},"loc":{"start":{"line":243,"column":18},"end":{"line":252,"column":3}},"line":243},"19":{"name":"(anonymous_19)","decl":{"start":{"line":245,"column":15},"end":{"line":245,"column":16}},"loc":{"start":{"line":245,"column":21},"end":{"line":250,"column":5}},"line":245},"20":{"name":"(anonymous_20)","decl":{"start":{"line":246,"column":30},"end":{"line":246,"column":31}},"loc":{"start":{"line":246,"column":36},"end":{"line":249,"column":7}},"line":246},"21":{"name":"(anonymous_21)","decl":{"start":{"line":254,"column":2},"end":{"line":254,"column":3}},"loc":{"start":{"line":254,"column":26},"end":{"line":256,"column":3}},"line":254},"22":{"name":"(anonymous_22)","decl":{"start":{"line":258,"column":2},"end":{"line":258,"column":3}},"loc":{"start":{"line":258,"column":17},"end":{"line":260,"column":3}},"line":258},"23":{"name":"(anonymous_23)","decl":{"start":{"line":259,"column":39},"end":{"line":259,"column":40}},"loc":{"start":{"line":259,"column":44},"end":{"line":259,"column":51}},"line":259},"24":{"name":"(anonymous_24)","decl":{"start":{"line":262,"column":2},"end":{"line":262,"column":3}},"loc":{"start":{"line":262,"column":20},"end":{"line":269,"column":3}},"line":262},"25":{"name":"(anonymous_25)","decl":{"start":{"line":266,"column":13},"end":{"line":266,"column":14}},"loc":{"start":{"line":266,"column":23},"end":{"line":266,"column":48}},"line":266},"26":{"name":"(anonymous_26)","decl":{"start":{"line":267,"column":16},"end":{"line":267,"column":17}},"loc":{"start":{"line":267,"column":26},"end":{"line":267,"column":84}},"line":267},"27":{"name":"(anonymous_27)","decl":{"start":{"line":271,"column":2},"end":{"line":271,"column":3}},"loc":{"start":{"line":271,"column":9},"end":{"line":274,"column":3}},"line":271},"28":{"name":"(anonymous_28)","decl":{"start":{"line":273,"column":25},"end":{"line":273,"column":26}},"loc":{"start":{"line":273,"column":35},"end":{"line":273,"column":48}},"line":273},"29":{"name":"(anonymous_29)","decl":{"start":{"line":278,"column":2},"end":{"line":278,"column":3}},"loc":{"start":{"line":278,"column":33},"end":{"line":283,"column":3}},"line":278},"30":{"name":"(anonymous_30)","decl":{"start":{"line":285,"column":2},"end":{"line":285,"column":3}},"loc":{"start":{"line":285,"column":27},"end":{"line":293,"column":3}},"line":285},"31":{"name":"(anonymous_31)","decl":{"start":{"line":295,"column":2},"end":{"line":295,"column":3}},"loc":{"start":{"line":295,"column":21},"end":{"line":298,"column":3}},"line":295},"32":{"name":"(anonymous_32)","decl":{"start":{"line":300,"column":2},"end":{"line":300,"column":3}},"loc":{"start":{"line":300,"column":9},"end":{"line":322,"column":3}},"line":300},"33":{"name":"(anonymous_33)","decl":{"start":{"line":326,"column":2},"end":{"line":326,"column":3}},"loc":{"start":{"line":326,"column":20},"end":{"line":329,"column":3}},"line":326},"34":{"name":"(anonymous_34)","decl":{"start":{"line":331,"column":2},"end":{"line":331,"column":3}},"loc":{"start":{"line":331,"column":9},"end":{"line":333,"column":3}},"line":331},"35":{"name":"(anonymous_35)","decl":{"start":{"line":335,"column":2},"end":{"line":335,"column":3}},"loc":{"start":{"line":335,"column":12},"end":{"line":338,"column":3}},"line":335},"36":{"name":"(anonymous_36)","decl":{"start":{"line":340,"column":2},"end":{"line":340,"column":3}},"loc":{"start":{"line":340,"column":9},"end":{"line":342,"column":3}},"line":340},"37":{"name":"(anonymous_37)","decl":{"start":{"line":344,"column":2},"end":{"line":344,"column":3}},"loc":{"start":{"line":344,"column":11},"end":{"line":346,"column":3}},"line":344},"38":{"name":"(anonymous_38)","decl":{"start":{"line":348,"column":2},"end":{"line":348,"column":3}},"loc":{"start":{"line":348,"column":15},"end":{"line":351,"column":3}},"line":348},"39":{"name":"(anonymous_39)","decl":{"start":{"line":355,"column":2},"end":{"line":355,"column":3}},"loc":{"start":{"line":355,"column":19},"end":{"line":362,"column":3}},"line":355},"40":{"name":"(anonymous_40)","decl":{"start":{"line":364,"column":2},"end":{"line":364,"column":3}},"loc":{"start":{"line":364,"column":21},"end":{"line":373,"column":3}},"line":364},"41":{"name":"(anonymous_41)","decl":{"start":{"line":366,"column":15},"end":{"line":366,"column":16}},"loc":{"start":{"line":366,"column":21},"end":{"line":371,"column":5}},"line":366},"42":{"name":"(anonymous_42)","decl":{"start":{"line":367,"column":30},"end":{"line":367,"column":31}},"loc":{"start":{"line":367,"column":36},"end":{"line":370,"column":7}},"line":367},"43":{"name":"(anonymous_43)","decl":{"start":{"line":375,"column":2},"end":{"line":375,"column":3}},"loc":{"start":{"line":375,"column":13},"end":{"line":391,"column":3}},"line":375},"44":{"name":"(anonymous_44)","decl":{"start":{"line":393,"column":2},"end":{"line":393,"column":3}},"loc":{"start":{"line":393,"column":20},"end":{"line":414,"column":3}},"line":393},"45":{"name":"(anonymous_45)","decl":{"start":{"line":397,"column":13},"end":{"line":397,"column":14}},"loc":{"start":{"line":397,"column":22},"end":{"line":397,"column":41}},"line":397},"46":{"name":"(anonymous_46)","decl":{"start":{"line":398,"column":16},"end":{"line":398,"column":17}},"loc":{"start":{"line":398,"column":25},"end":{"line":398,"column":40}},"line":398},"47":{"name":"(anonymous_47)","decl":{"start":{"line":399,"column":13},"end":{"line":399,"column":14}},"loc":{"start":{"line":399,"column":22},"end":{"line":402,"column":9}},"line":399},"48":{"name":"(anonymous_48)","decl":{"start":{"line":403,"column":41},"end":{"line":403,"column":42}},"loc":{"start":{"line":403,"column":50},"end":{"line":403,"column":69}},"line":403},"49":{"name":"(anonymous_49)","decl":{"start":{"line":405,"column":16},"end":{"line":405,"column":17}},"loc":{"start":{"line":405,"column":25},"end":{"line":405,"column":49}},"line":405},"50":{"name":"(anonymous_50)","decl":{"start":{"line":406,"column":16},"end":{"line":406,"column":17}},"loc":{"start":{"line":406,"column":25},"end":{"line":406,"column":52}},"line":406},"51":{"name":"(anonymous_51)","decl":{"start":{"line":408,"column":25},"end":{"line":408,"column":26}},"loc":{"start":{"line":409,"column":8},"end":{"line":411,"column":51}},"line":409},"52":{"name":"(anonymous_52)","decl":{"start":{"line":410,"column":20},"end":{"line":410,"column":21}},"loc":{"start":{"line":410,"column":26},"end":{"line":410,"column":57}},"line":410},"53":{"name":"(anonymous_53)","decl":{"start":{"line":411,"column":21},"end":{"line":411,"column":22}},"loc":{"start":{"line":411,"column":27},"end":{"line":411,"column":50}},"line":411},"54":{"name":"(anonymous_54)","decl":{"start":{"line":416,"column":2},"end":{"line":416,"column":3}},"loc":{"start":{"line":416,"column":9},"end":{"line":419,"column":3}},"line":416},"55":{"name":"(anonymous_55)","decl":{"start":{"line":418,"column":25},"end":{"line":418,"column":26}},"loc":{"start":{"line":418,"column":34},"end":{"line":418,"column":46}},"line":418},"56":{"name":"(anonymous_56)","decl":{"start":{"line":423,"column":2},"end":{"line":423,"column":3}},"loc":{"start":{"line":423,"column":50},"end":{"line":430,"column":3}},"line":423},"57":{"name":"(anonymous_57)","decl":{"start":{"line":432,"column":2},"end":{"line":432,"column":3}},"loc":{"start":{"line":432,"column":11},"end":{"line":435,"column":3}},"line":432},"58":{"name":"(anonymous_58)","decl":{"start":{"line":437,"column":2},"end":{"line":437,"column":3}},"loc":{"start":{"line":437,"column":16},"end":{"line":441,"column":3}},"line":437},"59":{"name":"(anonymous_59)","decl":{"start":{"line":443,"column":2},"end":{"line":443,"column":3}},"loc":{"start":{"line":443,"column":13},"end":{"line":464,"column":3}},"line":443},"60":{"name":"(anonymous_60)","decl":{"start":{"line":466,"column":2},"end":{"line":466,"column":3}},"loc":{"start":{"line":466,"column":12},"end":{"line":468,"column":3}},"line":466},"61":{"name":"(anonymous_61)","decl":{"start":{"line":470,"column":2},"end":{"line":470,"column":3}},"loc":{"start":{"line":470,"column":16},"end":{"line":478,"column":3}},"line":470},"62":{"name":"(anonymous_62)","decl":{"start":{"line":472,"column":38},"end":{"line":472,"column":39}},"loc":{"start":{"line":472,"column":43},"end":{"line":472,"column":62}},"line":472},"63":{"name":"(anonymous_63)","decl":{"start":{"line":480,"column":2},"end":{"line":480,"column":3}},"loc":{"start":{"line":480,"column":23},"end":{"line":504,"column":3}},"line":480},"64":{"name":"(anonymous_64)","decl":{"start":{"line":506,"column":2},"end":{"line":506,"column":3}},"loc":{"start":{"line":506,"column":22},"end":{"line":509,"column":3}},"line":506},"65":{"name":"(anonymous_65)","decl":{"start":{"line":511,"column":2},"end":{"line":511,"column":3}},"loc":{"start":{"line":511,"column":9},"end":{"line":545,"column":3}},"line":511},"66":{"name":"(anonymous_66)","decl":{"start":{"line":549,"column":2},"end":{"line":549,"column":3}},"loc":{"start":{"line":549,"column":19},"end":{"line":552,"column":3}},"line":549},"67":{"name":"(anonymous_67)","decl":{"start":{"line":554,"column":2},"end":{"line":554,"column":3}},"loc":{"start":{"line":554,"column":18},"end":{"line":567,"column":3}},"line":554},"68":{"name":"(anonymous_68)","decl":{"start":{"line":569,"column":2},"end":{"line":569,"column":3}},"loc":{"start":{"line":569,"column":19},"end":{"line":572,"column":3}},"line":569},"69":{"name":"(anonymous_69)","decl":{"start":{"line":574,"column":2},"end":{"line":574,"column":3}},"loc":{"start":{"line":574,"column":20},"end":{"line":587,"column":3}},"line":574},"70":{"name":"(anonymous_70)","decl":{"start":{"line":589,"column":2},"end":{"line":589,"column":3}},"loc":{"start":{"line":589,"column":19},"end":{"line":591,"column":3}},"line":589},"71":{"name":"(anonymous_71)","decl":{"start":{"line":593,"column":2},"end":{"line":593,"column":3}},"loc":{"start":{"line":593,"column":13},"end":{"line":597,"column":3}},"line":593},"72":{"name":"(anonymous_72)","decl":{"start":{"line":599,"column":2},"end":{"line":599,"column":3}},"loc":{"start":{"line":599,"column":9},"end":{"line":602,"column":3}},"line":599},"73":{"name":"(anonymous_73)","decl":{"start":{"line":606,"column":2},"end":{"line":606,"column":3}},"loc":{"start":{"line":606,"column":19},"end":{"line":616,"column":3}},"line":606},"74":{"name":"(anonymous_74)","decl":{"start":{"line":618,"column":2},"end":{"line":618,"column":3}},"loc":{"start":{"line":618,"column":17},"end":{"line":623,"column":3}},"line":618},"75":{"name":"(anonymous_75)","decl":{"start":{"line":625,"column":2},"end":{"line":625,"column":3}},"loc":{"start":{"line":625,"column":14},"end":{"line":630,"column":3}},"line":625},"76":{"name":"(anonymous_76)","decl":{"start":{"line":632,"column":2},"end":{"line":632,"column":3}},"loc":{"start":{"line":632,"column":22},"end":{"line":641,"column":3}},"line":632},"77":{"name":"(anonymous_77)","decl":{"start":{"line":634,"column":15},"end":{"line":634,"column":16}},"loc":{"start":{"line":634,"column":21},"end":{"line":639,"column":5}},"line":634},"78":{"name":"(anonymous_78)","decl":{"start":{"line":635,"column":37},"end":{"line":635,"column":38}},"loc":{"start":{"line":635,"column":43},"end":{"line":638,"column":7}},"line":635},"79":{"name":"(anonymous_79)","decl":{"start":{"line":643,"column":2},"end":{"line":643,"column":3}},"loc":{"start":{"line":643,"column":12},"end":{"line":650,"column":3}},"line":643},"80":{"name":"(anonymous_80)","decl":{"start":{"line":652,"column":2},"end":{"line":652,"column":3}},"loc":{"start":{"line":652,"column":17},"end":{"line":660,"column":3}},"line":652},"81":{"name":"(anonymous_81)","decl":{"start":{"line":662,"column":2},"end":{"line":662,"column":3}},"loc":{"start":{"line":662,"column":13},"end":{"line":667,"column":3}},"line":662},"82":{"name":"(anonymous_82)","decl":{"start":{"line":669,"column":2},"end":{"line":669,"column":3}},"loc":{"start":{"line":669,"column":14},"end":{"line":700,"column":3}},"line":669},"83":{"name":"(anonymous_83)","decl":{"start":{"line":702,"column":2},"end":{"line":702,"column":3}},"loc":{"start":{"line":702,"column":22},"end":{"line":737,"column":3}},"line":702},"84":{"name":"(anonymous_84)","decl":{"start":{"line":739,"column":2},"end":{"line":739,"column":3}},"loc":{"start":{"line":739,"column":17},"end":{"line":771,"column":3}},"line":739},"85":{"name":"(anonymous_85)","decl":{"start":{"line":773,"column":2},"end":{"line":773,"column":3}},"loc":{"start":{"line":773,"column":9},"end":{"line":781,"column":3}},"line":773},"86":{"name":"init","decl":{"start":{"line":784,"column":9},"end":{"line":784,"column":13}},"loc":{"start":{"line":784,"column":16},"end":{"line":805,"column":1}},"line":784},"87":{"name":"(anonymous_87)","decl":{"start":{"line":786,"column":42},"end":{"line":786,"column":43}},"loc":{"start":{"line":786,"column":47},"end":{"line":786,"column":60}},"line":786},"88":{"name":"(anonymous_88)","decl":{"start":{"line":787,"column":41},"end":{"line":787,"column":42}},"loc":{"start":{"line":787,"column":46},"end":{"line":787,"column":58}},"line":787},"89":{"name":"(anonymous_89)","decl":{"start":{"line":788,"column":40},"end":{"line":788,"column":41}},"loc":{"start":{"line":788,"column":45},"end":{"line":788,"column":56}},"line":788},"90":{"name":"(anonymous_90)","decl":{"start":{"line":790,"column":39},"end":{"line":790,"column":40}},"loc":{"start":{"line":790,"column":44},"end":{"line":790,"column":74}},"line":790},"91":{"name":"(anonymous_91)","decl":{"start":{"line":791,"column":37},"end":{"line":791,"column":38}},"loc":{"start":{"line":791,"column":42},"end":{"line":791,"column":73}},"line":791},"92":{"name":"resizeCanvas","decl":{"start":{"line":809,"column":9},"end":{"line":809,"column":21}},"loc":{"start":{"line":809,"column":30},"end":{"line":814,"column":1}},"line":809},"93":{"name":"calcMapSize","decl":{"start":{"line":816,"column":9},"end":{"line":816,"column":20}},"loc":{"start":{"line":816,"column":23},"end":{"line":826,"column":1}},"line":816},"94":{"name":"createCanvas","decl":{"start":{"line":828,"column":9},"end":{"line":828,"column":21}},"loc":{"start":{"line":828,"column":24},"end":{"line":835,"column":1}},"line":828},"95":{"name":"update","decl":{"start":{"line":837,"column":9},"end":{"line":837,"column":15}},"loc":{"start":{"line":837,"column":18},"end":{"line":841,"column":1}},"line":837},"96":{"name":"render","decl":{"start":{"line":843,"column":9},"end":{"line":843,"column":15}},"loc":{"start":{"line":843,"column":18},"end":{"line":853,"column":1}},"line":843},"97":{"name":"updatePlayerDirection","decl":{"start":{"line":855,"column":9},"end":{"line":855,"column":30}},"loc":{"start":{"line":855,"column":45},"end":{"line":871,"column":1}},"line":855},"98":{"name":"touchStart","decl":{"start":{"line":877,"column":9},"end":{"line":877,"column":19}},"loc":{"start":{"line":877,"column":23},"end":{"line":892,"column":1}},"line":877},"99":{"name":"(anonymous_99)","decl":{"start":{"line":883,"column":17},"end":{"line":883,"column":18}},"loc":{"start":{"line":883,"column":23},"end":{"line":883,"column":42}},"line":883},"100":{"name":"touchMove","decl":{"start":{"line":896,"column":9},"end":{"line":896,"column":18}},"loc":{"start":{"line":896,"column":22},"end":{"line":912,"column":1}},"line":896},"101":{"name":"touchEnd","decl":{"start":{"line":914,"column":9},"end":{"line":914,"column":17}},"loc":{"start":{"line":914,"column":20},"end":{"line":916,"column":1}},"line":914}},"branchMap":{"0":{"loc":{"start":{"line":61,"column":51},"end":{"line":61,"column":63}},"type":"default-arg","locations":[{"start":{"line":61,"column":58},"end":{"line":61,"column":63}}],"line":61},"1":{"loc":{"start":{"line":63,"column":2},"end":{"line":65,"column":3}},"type":"if","locations":[{"start":{"line":63,"column":2},"end":{"line":65,"column":3}},{"start":{},"end":{}}],"line":63},"2":{"loc":{"start":{"line":70,"column":2},"end":{"line":74,"column":3}},"type":"if","locations":[{"start":{"line":70,"column":2},"end":{"line":74,"column":3}},{"start":{"line":72,"column":9},"end":{"line":74,"column":3}}],"line":70},"3":{"loc":{"start":{"line":72,"column":9},"end":{"line":74,"column":3}},"type":"if","locations":[{"start":{"line":72,"column":9},"end":{"line":74,"column":3}},{"start":{},"end":{}}],"line":72},"4":{"loc":{"start":{"line":76,"column":18},"end":{"line":76,"column":57}},"type":"cond-expr","locations":[{"start":{"line":76,"column":35},"end":{"line":76,"column":45}},{"start":{"line":76,"column":48},"end":{"line":76,"column":57}}],"line":76},"5":{"loc":{"start":{"line":80,"column":2},"end":{"line":83,"column":3}},"type":"if","locations":[{"start":{"line":80,"column":2},"end":{"line":83,"column":3}},{"start":{},"end":{}}],"line":80},"6":{"loc":{"start":{"line":151,"column":4},"end":{"line":155,"column":5}},"type":"if","locations":[{"start":{"line":151,"column":4},"end":{"line":155,"column":5}},{"start":{"line":153,"column":11},"end":{"line":155,"column":5}}],"line":151},"7":{"loc":{"start":{"line":153,"column":11},"end":{"line":155,"column":5}},"type":"if","locations":[{"start":{"line":153,"column":11},"end":{"line":155,"column":5}},{"start":{},"end":{}}],"line":153},"8":{"loc":{"start":{"line":156,"column":4},"end":{"line":160,"column":5}},"type":"if","locations":[{"start":{"line":156,"column":4},"end":{"line":160,"column":5}},{"start":{"line":158,"column":11},"end":{"line":160,"column":5}}],"line":156},"9":{"loc":{"start":{"line":158,"column":11},"end":{"line":160,"column":5}},"type":"if","locations":[{"start":{"line":158,"column":11},"end":{"line":160,"column":5}},{"start":{},"end":{}}],"line":158},"10":{"loc":{"start":{"line":166,"column":4},"end":{"line":166,"column":38}},"type":"if","locations":[{"start":{"line":166,"column":4},"end":{"line":166,"column":38}},{"start":{},"end":{}}],"line":166},"11":{"loc":{"start":{"line":169,"column":4},"end":{"line":185,"column":5}},"type":"if","locations":[{"start":{"line":169,"column":4},"end":{"line":185,"column":5}},{"start":{"line":183,"column":11},"end":{"line":185,"column":5}}],"line":169},"12":{"loc":{"start":{"line":170,"column":6},"end":{"line":182,"column":7}},"type":"if","locations":[{"start":{"line":170,"column":6},"end":{"line":182,"column":7}},{"start":{"line":179,"column":13},"end":{"line":182,"column":7}}],"line":170},"13":{"loc":{"start":{"line":172,"column":17},"end":{"line":172,"column":32}},"type":"cond-expr","locations":[{"start":{"line":172,"column":26},"end":{"line":172,"column":27}},{"start":{"line":172,"column":30},"end":{"line":172,"column":32}}],"line":172},"14":{"loc":{"start":{"line":175,"column":8},"end":{"line":177,"column":9}},"type":"if","locations":[{"start":{"line":175,"column":8},"end":{"line":177,"column":9}},{"start":{},"end":{}}],"line":175},"15":{"loc":{"start":{"line":175,"column":12},"end":{"line":175,"column":56}},"type":"binary-expr","locations":[{"start":{"line":175,"column":13},"end":{"line":175,"column":20}},{"start":{"line":175,"column":24},"end":{"line":175,"column":31}},{"start":{"line":175,"column":37},"end":{"line":175,"column":44}},{"start":{"line":175,"column":48},"end":{"line":175,"column":55}}],"line":175},"16":{"loc":{"start":{"line":191,"column":4},"end":{"line":193,"column":5}},"type":"if","locations":[{"start":{"line":191,"column":4},"end":{"line":193,"column":5}},{"start":{},"end":{}}],"line":191},"17":{"loc":{"start":{"line":199,"column":4},"end":{"line":201,"column":5}},"type":"if","locations":[{"start":{"line":199,"column":4},"end":{"line":201,"column":5}},{"start":{},"end":{}}],"line":199},"18":{"loc":{"start":{"line":289,"column":11},"end":{"line":292,"column":29}},"type":"binary-expr","locations":[{"start":{"line":289,"column":12},"end":{"line":289,"column":17}},{"start":{"line":290,"column":12},"end":{"line":290,"column":27}},{"start":{"line":291,"column":12},"end":{"line":291,"column":17}},{"start":{"line":292,"column":12},"end":{"line":292,"column":28}}],"line":289},"19":{"loc":{"start":{"line":336,"column":12},"end":{"line":336,"column":18}},"type":"binary-expr","locations":[{"start":{"line":336,"column":12},"end":{"line":336,"column":13}},{"start":{"line":336,"column":17},"end":{"line":336,"column":18}}],"line":336},"20":{"loc":{"start":{"line":377,"column":12},"end":{"line":377,"column":82}},"type":"cond-expr","locations":[{"start":{"line":377,"column":46},"end":{"line":377,"column":52}},{"start":{"line":377,"column":55},"end":{"line":377,"column":82}}],"line":377},"21":{"loc":{"start":{"line":378,"column":12},"end":{"line":378,"column":83}},"type":"cond-expr","locations":[{"start":{"line":378,"column":46},"end":{"line":378,"column":52}},{"start":{"line":378,"column":55},"end":{"line":378,"column":83}}],"line":378},"22":{"loc":{"start":{"line":410,"column":26},"end":{"line":410,"column":57}},"type":"binary-expr","locations":[{"start":{"line":410,"column":26},"end":{"line":410,"column":35}},{"start":{"line":410,"column":39},"end":{"line":410,"column":57}}],"line":410},"23":{"loc":{"start":{"line":448,"column":4},"end":{"line":454,"column":5}},"type":"if","locations":[{"start":{"line":448,"column":4},"end":{"line":454,"column":5}},{"start":{"line":451,"column":11},"end":{"line":454,"column":5}}],"line":448},"24":{"loc":{"start":{"line":451,"column":11},"end":{"line":454,"column":5}},"type":"if","locations":[{"start":{"line":451,"column":11},"end":{"line":454,"column":5}},{"start":{},"end":{}}],"line":451},"25":{"loc":{"start":{"line":455,"column":4},"end":{"line":461,"column":5}},"type":"if","locations":[{"start":{"line":455,"column":4},"end":{"line":461,"column":5}},{"start":{"line":458,"column":11},"end":{"line":461,"column":5}}],"line":455},"26":{"loc":{"start":{"line":458,"column":11},"end":{"line":461,"column":5}},"type":"if","locations":[{"start":{"line":458,"column":11},"end":{"line":461,"column":5}},{"start":{},"end":{}}],"line":458},"27":{"loc":{"start":{"line":473,"column":4},"end":{"line":476,"column":5}},"type":"if","locations":[{"start":{"line":473,"column":4},"end":{"line":476,"column":5}},{"start":{},"end":{}}],"line":473},"28":{"loc":{"start":{"line":559,"column":8},"end":{"line":563,"column":9}},"type":"if","locations":[{"start":{"line":559,"column":8},"end":{"line":563,"column":9}},{"start":{},"end":{}}],"line":559},"29":{"loc":{"start":{"line":559,"column":12},"end":{"line":561,"column":45}},"type":"binary-expr","locations":[{"start":{"line":559,"column":12},"end":{"line":559,"column":40}},{"start":{"line":560,"column":13},"end":{"line":560,"column":45}},{"start":{"line":561,"column":13},"end":{"line":561,"column":45}}],"line":559},"30":{"loc":{"start":{"line":644,"column":4},"end":{"line":648,"column":5}},"type":"if","locations":[{"start":{"line":644,"column":4},"end":{"line":648,"column":5}},{"start":{"line":646,"column":11},"end":{"line":648,"column":5}}],"line":644},"31":{"loc":{"start":{"line":644,"column":8},"end":{"line":644,"column":59}},"type":"binary-expr","locations":[{"start":{"line":644,"column":8},"end":{"line":644,"column":30}},{"start":{"line":644,"column":34},"end":{"line":644,"column":59}}],"line":644},"32":{"loc":{"start":{"line":690,"column":8},"end":{"line":692,"column":60}},"type":"cond-expr","locations":[{"start":{"line":691,"column":14},"end":{"line":691,"column":47}},{"start":{"line":692,"column":14},"end":{"line":692,"column":60}}],"line":690},"33":{"loc":{"start":{"line":722,"column":4},"end":{"line":736,"column":5}},"type":"if","locations":[{"start":{"line":722,"column":4},"end":{"line":736,"column":5}},{"start":{},"end":{}}],"line":722},"34":{"loc":{"start":{"line":722,"column":8},"end":{"line":722,"column":63}},"type":"binary-expr","locations":[{"start":{"line":722,"column":8},"end":{"line":722,"column":25}},{"start":{"line":722,"column":29},"end":{"line":722,"column":63}}],"line":722},"35":{"loc":{"start":{"line":763,"column":15},"end":{"line":763,"column":71}},"type":"cond-expr","locations":[{"start":{"line":763,"column":27},"end":{"line":763,"column":49}},{"start":{"line":763,"column":52},"end":{"line":763,"column":71}}],"line":763},"36":{"loc":{"start":{"line":774,"column":4},"end":{"line":780,"column":5}},"type":"if","locations":[{"start":{"line":774,"column":4},"end":{"line":780,"column":5}},{"start":{"line":776,"column":11},"end":{"line":780,"column":5}}],"line":774},"37":{"loc":{"start":{"line":776,"column":11},"end":{"line":780,"column":5}},"type":"if","locations":[{"start":{"line":776,"column":11},"end":{"line":780,"column":5}},{"start":{"line":778,"column":11},"end":{"line":780,"column":5}}],"line":776},"38":{"loc":{"start":{"line":785,"column":2},"end":{"line":792,"column":3}},"type":"if","locations":[{"start":{"line":785,"column":2},"end":{"line":792,"column":3}},{"start":{"line":789,"column":9},"end":{"line":792,"column":3}}],"line":785},"39":{"loc":{"start":{"line":821,"column":18},"end":{"line":821,"column":35}},"type":"cond-expr","locations":[{"start":{"line":821,"column":28},"end":{"line":821,"column":30}},{"start":{"line":821,"column":33},"end":{"line":821,"column":35}}],"line":821},"40":{"loc":{"start":{"line":856,"column":2},"end":{"line":858,"column":3}},"type":"if","locations":[{"start":{"line":856,"column":2},"end":{"line":858,"column":3}},{"start":{},"end":{}}],"line":856},"41":{"loc":{"start":{"line":856,"column":6},"end":{"line":856,"column":44}},"type":"binary-expr","locations":[{"start":{"line":856,"column":6},"end":{"line":856,"column":27}},{"start":{"line":856,"column":31},"end":{"line":856,"column":44}}],"line":856},"42":{"loc":{"start":{"line":859,"column":2},"end":{"line":861,"column":3}},"type":"if","locations":[{"start":{"line":859,"column":2},"end":{"line":861,"column":3}},{"start":{},"end":{}}],"line":859},"43":{"loc":{"start":{"line":859,"column":6},"end":{"line":859,"column":46}},"type":"binary-expr","locations":[{"start":{"line":859,"column":6},"end":{"line":859,"column":29}},{"start":{"line":859,"column":33},"end":{"line":859,"column":46}}],"line":859},"44":{"loc":{"start":{"line":862,"column":2},"end":{"line":867,"column":3}},"type":"switch","locations":[{"start":{"line":863,"column":4},"end":{"line":863,"column":48}},{"start":{"line":864,"column":4},"end":{"line":864,"column":46}},{"start":{"line":865,"column":4},"end":{"line":865,"column":49}},{"start":{"line":866,"column":4},"end":{"line":866,"column":48}}],"line":862},"45":{"loc":{"start":{"line":868,"column":11},"end":{"line":868,"column":35}},"type":"cond-expr","locations":[{"start":{"line":868,"column":30},"end":{"line":868,"column":31}},{"start":{"line":868,"column":34},"end":{"line":868,"column":35}}],"line":868},"46":{"loc":{"start":{"line":868,"column":40},"end":{"line":868,"column":64}},"type":"cond-expr","locations":[{"start":{"line":868,"column":58},"end":{"line":868,"column":60}},{"start":{"line":868,"column":63},"end":{"line":868,"column":64}}],"line":868},"47":{"loc":{"start":{"line":869,"column":11},"end":{"line":869,"column":32}},"type":"cond-expr","locations":[{"start":{"line":869,"column":27},"end":{"line":869,"column":28}},{"start":{"line":869,"column":31},"end":{"line":869,"column":32}}],"line":869},"48":{"loc":{"start":{"line":869,"column":37},"end":{"line":869,"column":61}},"type":"cond-expr","locations":[{"start":{"line":869,"column":55},"end":{"line":869,"column":57}},{"start":{"line":869,"column":60},"end":{"line":869,"column":61}}],"line":869},"49":{"loc":{"start":{"line":878,"column":2},"end":{"line":887,"column":3}},"type":"if","locations":[{"start":{"line":878,"column":2},"end":{"line":887,"column":3}},{"start":{"line":885,"column":9},"end":{"line":887,"column":3}}],"line":878},"50":{"loc":{"start":{"line":879,"column":4},"end":{"line":884,"column":5}},"type":"if","locations":[{"start":{"line":879,"column":4},"end":{"line":884,"column":5}},{"start":{"line":881,"column":11},"end":{"line":884,"column":5}}],"line":879},"51":{"loc":{"start":{"line":885,"column":9},"end":{"line":887,"column":3}},"type":"if","locations":[{"start":{"line":885,"column":9},"end":{"line":887,"column":3}},{"start":{},"end":{}}],"line":885},"52":{"loc":{"start":{"line":901,"column":2},"end":{"line":911,"column":3}},"type":"if","locations":[{"start":{"line":901,"column":2},"end":{"line":911,"column":3}},{"start":{"line":905,"column":9},"end":{"line":911,"column":3}}],"line":901},"53":{"loc":{"start":{"line":901,"column":6},"end":{"line":902,"column":39}},"type":"binary-expr","locations":[{"start":{"line":901,"column":6},"end":{"line":901,"column":36}},{"start":{"line":902,"column":9},"end":{"line":902,"column":39}}],"line":901},"54":{"loc":{"start":{"line":905,"column":9},"end":{"line":911,"column":3}},"type":"if","locations":[{"start":{"line":905,"column":9},"end":{"line":911,"column":3}},{"start":{},"end":{}}],"line":905},"55":{"loc":{"start":{"line":905,"column":13},"end":{"line":906,"column":57}},"type":"binary-expr","locations":[{"start":{"line":905,"column":13},"end":{"line":905,"column":61}},{"start":{"line":906,"column":9},"end":{"line":906,"column":57}}],"line":905},"56":{"loc":{"start":{"line":918,"column":0},"end":{"line":923,"column":1}},"type":"if","locations":[{"start":{"line":918,"column":0},"end":{"line":923,"column":1}},{"start":{},"end":{}}],"line":918},"57":{"loc":{"start":{"line":918,"column":4},"end":{"line":918,"column":51}},"type":"binary-expr","locations":[{"start":{"line":918,"column":4},"end":{"line":918,"column":33}},{"start":{"line":918,"column":37},"end":{"line":918,"column":51}}],"line":918}},"s":{"0":2,"1":2,"2":2,"3":2,"4":2,"5":2,"6":2,"7":2,"8":2,"9":2,"10":2,"11":2,"12":2,"13":2,"14":2,"15":2,"16":2,"17":2,"18":1,"19":0,"20":0,"21":0,"22":0,"23":0,"24":0,"25":0,"26":0,"27":0,"28":0,"29":0,"30":0,"31":0,"32":0,"33":0,"34":0,"35":0,"36":0,"37":0,"38":0,"39":0,"40":0,"41":0,"42":0,"43":0,"44":0,"45":0,"46":0,"47":0,"48":0,"49":0,"50":0,"51":0,"52":0,"53":0,"54":0,"55":0,"56":0,"57":0,"58":0,"59":0,"60":0,"61":0,"62":0,"63":0,"64":0,"65":0,"66":0,"67":0,"68":0,"69":0,"70":0,"71":0,"72":0,"73":0,"74":0,"75":0,"76":0,"77":0,"78":0,"79":0,"80":0,"81":0,"82":0,"83":0,"84":0,"85":0,"86":0,"87":0,"88":0,"89":0,"90":0,"91":0,"92":0,"93":0,"94":0,"95":0,"96":0,"97":0,"98":0,"99":0,"100":0,"101":0,"102":0,"103":0,"104":0,"105":0,"106":0,"107":0,"108":0,"109":0,"110":0,"111":0,"112":0,"113":0,"114":0,"115":0,"116":0,"117":0,"118":0,"119":0,"120":0,"121":0,"122":0,"123":0,"124":0,"125":0,"126":0,"127":0,"128":0,"129":0,"130":0,"131":0,"132":0,"133":0,"134":0,"135":0,"136":0,"137":0,"138":0,"139":0,"140":0,"141":0,"142":0,"143":0,"144":0,"145":0,"146":0,"147":0,"148":0,"149":0,"150":0,"151":0,"152":0,"153":0,"154":0,"155":0,"156":0,"157":0,"158":0,"159":0,"160":0,"161":0,"162":0,"163":0,"164":0,"165":0,"166":0,"167":0,"168":0,"169":0,"170":0,"171":0,"172":0,"173":0,"174":0,"175":25,"176":25,"177":3,"178":3,"179":3,"180":2,"181":3,"182":0,"183":0,"184":0,"185":0,"186":0,"187":0,"188":0,"189":0,"190":0,"191":0,"192":0,"193":0,"194":0,"195":0,"196":0,"197":0,"198":0,"199":0,"200":0,"201":0,"202":0,"203":0,"204":0,"205":0,"206":0,"207":0,"208":0,"209":0,"210":0,"211":0,"212":0,"213":0,"214":0,"215":0,"216":0,"217":0,"218":0,"219":0,"220":0,"221":0,"222":0,"223":0,"224":0,"225":0,"226":0,"227":0,"228":0,"229":0,"230":0,"231":0,"232":0,"233":0,"234":0,"235":0,"236":0,"237":0,"238":0,"239":0,"240":0,"241":0,"242":0,"243":0,"244":0,"245":0,"246":0,"247":0,"248":0,"249":0,"250":0,"251":0,"252":0,"253":0,"254":0,"255":0,"256":0,"257":0,"258":0,"259":0,"260":0,"261":0,"262":0,"263":0,"264":0,"265":0,"266":0,"267":0,"268":0,"269":0,"270":0,"271":0,"272":0,"273":0,"274":0,"275":0,"276":0,"277":0,"278":0,"279":0,"280":0,"281":0,"282":0,"283":0,"284":0,"285":0,"286":0,"287":0,"288":0,"289":0,"290":0,"291":0,"292":0,"293":0,"294":0,"295":0,"296":0,"297":0,"298":0,"299":0,"300":0,"301":0,"302":0,"303":0,"304":0,"305":0,"306":0,"307":0,"308":0,"309":0,"310":0,"311":0,"312":0,"313":0,"314":0,"315":0,"316":0,"317":0,"318":0,"319":0,"320":0,"321":0,"322":0,"323":0,"324":0,"325":1,"326":1,"327":1,"328":1,"329":1,"330":1,"331":1,"332":1,"333":1,"334":5,"335":5,"336":5,"337":5,"338":0,"339":0,"340":0,"341":0,"342":0,"343":0,"344":0,"345":0,"346":0,"347":0,"348":0,"349":0,"350":0,"351":0,"352":0,"353":0,"354":0,"355":0,"356":0,"357":0,"358":0,"359":0,"360":0,"361":0,"362":0,"363":0,"364":0,"365":0,"366":0,"367":0,"368":0,"369":0,"370":0,"371":0,"372":0,"373":0,"374":0,"375":0,"376":0,"377":0,"378":0,"379":0,"380":0,"381":0,"382":0,"383":0,"384":0,"385":0,"386":0,"387":0,"388":0,"389":0,"390":0,"391":0,"392":0,"393":0,"394":0,"395":0,"396":0,"397":0,"398":0,"399":0,"400":0,"401":0,"402":0,"403":0,"404":0,"405":0,"406":0,"407":0,"408":0,"409":0,"410":0,"411":0,"412":0,"413":0,"414":2,"415":0,"416":0,"417":0,"418":0,"419":0,"420":0,"421":0,"422":0,"423":0,"424":0,"425":0,"426":0,"427":0,"428":0,"429":0,"430":0,"431":0,"432":0,"433":0,"434":0,"435":0,"436":0,"437":0,"438":0,"439":0,"440":0,"441":0,"442":0,"443":0,"444":0,"445":0,"446":0,"447":0,"448":0,"449":0,"450":0,"451":0,"452":0,"453":0,"454":0,"455":0,"456":0,"457":2,"458":2,"459":2,"460":2,"461":0,"462":0,"463":0,"464":0,"465":0,"466":0,"467":0,"468":0,"469":0,"470":0,"471":0,"472":0,"473":2,"474":2,"475":0,"476":0,"477":0,"478":0,"479":0,"480":0,"481":0,"482":0,"483":0,"484":0,"485":0,"486":0,"487":0,"488":2,"489":2},"f":{"0":1,"1":0,"2":0,"3":0,"4":0,"5":0,"6":0,"7":0,"8":0,"9":0,"10":0,"11":0,"12":0,"13":0,"14":0,"15":0,"16":0,"17":0,"18":0,"19":0,"20":0,"21":0,"22":0,"23":0,"24":0,"25":0,"26":0,"27":0,"28":0,"29":0,"30":0,"31":0,"32":0,"33":25,"34":3,"35":3,"36":2,"37":3,"38":0,"39":0,"40":0,"41":0,"42":0,"43":0,"44":0,"45":0,"46":0,"47":0,"48":0,"49":0,"50":0,"51":0,"52":0,"53":0,"54":0,"55":0,"56":0,"57":0,"58":0,"59":0,"60":0,"61":0,"62":0,"63":0,"64":0,"65":0,"66":0,"67":0,"68":0,"69":0,"70":0,"71":0,"72":0,"73":1,"74":5,"75":0,"76":0,"77":0,"78":0,"79":0,"80":0,"81":0,"82":0,"83":0,"84":0,"85":0,"86":0,"87":0,"88":0,"89":0,"90":0,"91":0,"92":0,"93":0,"94":0,"95":0,"96":0,"97":0,"98":0,"99":0,"100":0,"101":0},"b":{"0":[0],"1":[0,0],"2":[0,0],"3":[0,0],"4":[0,0],"5":[0,0],"6":[0,0],"7":[0,0],"8":[0,0],"9":[0,0],"10":[0,0],"11":[0,0],"12":[0,0],"13":[0,0],"14":[0,0],"15":[0,0,0,0],"16":[0,0],"17":[0,0],"18":[0,0,0,0],"19":[3,1],"20":[0,0],"21":[0,0],"22":[0,0],"23":[0,0],"24":[0,0],"25":[0,0],"26":[0,0],"27":[0,0],"28":[0,0],"29":[0,0,0],"30":[0,0],"31":[0,0],"32":[0,0],"33":[0,0],"34":[0,0],"35":[0,0],"36":[0,0],"37":[0,0],"38":[0,0],"39":[0,0],"40":[0,0],"41":[0,0],"42":[0,0],"43":[0,0],"44":[0,0,0,0],"45":[0,0],"46":[0,0],"47":[0,0],"48":[0,0],"49":[0,0],"50":[0,0],"51":[0,0],"52":[0,0],"53":[0,0],"54":[0,0],"55":[0,0],"56":[2,0],"57":[2,2]},"_coverageSchema":"1a1c01bbd47fc00a2c39e90264f33305004495a9","hash":"3a1bd1356748313722248f26360533ec62926abf"}
}
