TN:
SF:main.js
FN:57,now
FN:61,drawText
FN:81,(anonymous_2)
FN:84,(anonymous_3)
FN:89,(anonymous_4)
FN:94,(anonymous_5)
FN:98,(anonymous_6)
FN:105,(anonymous_7)
FN:111,(anonymous_8)
FN:119,(anonymous_9)
FN:133,(anonymous_10)
FN:138,(anonymous_11)
FN:142,(anonymous_12)
FN:148,(anonymous_13)
FN:165,(anonymous_14)
FN:191,(anonymous_15)
FN:197,(anonymous_16)
FN:236,(anonymous_17)
FN:243,(anonymous_18)
FN:245,(anonymous_19)
FN:246,(anonymous_20)
FN:254,(anonymous_21)
FN:258,(anonymous_22)
FN:259,(anonymous_23)
FN:262,(anonymous_24)
FN:266,(anonymous_25)
FN:267,(anonymous_26)
FN:271,(anonymous_27)
FN:273,(anonymous_28)
FN:278,(anonymous_29)
FN:285,(anonymous_30)
FN:295,(anonymous_31)
FN:300,(anonymous_32)
FN:326,(anonymous_33)
FN:331,(anonymous_34)
FN:335,(anonymous_35)
FN:340,(anonymous_36)
FN:344,(anonymous_37)
FN:348,(anonymous_38)
FN:355,(anonymous_39)
FN:364,(anonymous_40)
FN:366,(anonymous_41)
FN:367,(anonymous_42)
FN:375,(anonymous_43)
FN:393,(anonymous_44)
FN:397,(anonymous_45)
FN:398,(anonymous_46)
FN:399,(anonymous_47)
FN:403,(anonymous_48)
FN:405,(anonymous_49)
FN:406,(anonymous_50)
FN:408,(anonymous_51)
FN:410,(anonymous_52)
FN:411,(anonymous_53)
FN:416,(anonymous_54)
FN:418,(anonymous_55)
FN:423,(anonymous_56)
FN:432,(anonymous_57)
FN:437,(anonymous_58)
FN:443,(anonymous_59)
FN:466,(anonymous_60)
FN:470,(anonymous_61)
FN:472,(anonymous_62)
FN:480,(anonymous_63)
FN:506,(anonymous_64)
FN:511,(anonymous_65)
FN:549,(anonymous_66)
FN:554,(anonymous_67)
FN:569,(anonymous_68)
FN:574,(anonymous_69)
FN:589,(anonymous_70)
FN:593,(anonymous_71)
FN:599,(anonymous_72)
FN:606,(anonymous_73)
FN:618,(anonymous_74)
FN:625,(anonymous_75)
FN:632,(anonymous_76)
FN:634,(anonymous_77)
FN:635,(anonymous_78)
FN:643,(anonymous_79)
FN:652,(anonymous_80)
FN:662,(anonymous_81)
FN:669,(anonymous_82)
FN:702,(anonymous_83)
FN:739,(anonymous_84)
FN:773,(anonymous_85)
FN:784,init
FN:786,(anonymous_87)
FN:787,(anonymous_88)
FN:788,(anonymous_89)
FN:790,(anonymous_90)
FN:791,(anonymous_91)
FN:809,resizeCanvas
FN:816,calcMapSize
FN:828,createCanvas
FN:837,update
FN:843,render
FN:855,updatePlayerDirection
FN:877,touchStart
FN:883,(anonymous_99)
FN:896,touchMove
FN:914,touchEnd
FNF:102
FNH:8
FNDA:1,now
FNDA:0,drawText
FNDA:0,(anonymous_2)
FNDA:0,(anonymous_3)
FNDA:0,(anonymous_4)
FNDA:0,(anonymous_5)
FNDA:0,(anonymous_6)
FNDA:0,(anonymous_7)
FNDA:0,(anonymous_8)
FNDA:0,(anonymous_9)
FNDA:0,(anonymous_10)
FNDA:0,(anonymous_11)
FNDA:0,(anonymous_12)
FNDA:0,(anonymous_13)
FNDA:0,(anonymous_14)
FNDA:0,(anonymous_15)
FNDA:0,(anonymous_16)
FNDA:0,(anonymous_17)
FNDA:0,(anonymous_18)
FNDA:0,(anonymous_19)
FNDA:0,(anonymous_20)
FNDA:0,(anonymous_21)
FNDA:0,(anonymous_22)
FNDA:0,(anonymous_23)
FNDA:0,(anonymous_24)
FNDA:0,(anonymous_25)
FNDA:0,(anonymous_26)
FNDA:0,(anonymous_27)
FNDA:0,(anonymous_28)
FNDA:0,(anonymous_29)
FNDA:0,(anonymous_30)
FNDA:0,(anonymous_31)
FNDA:0,(anonymous_32)
FNDA:25,(anonymous_33)
FNDA:3,(anonymous_34)
FNDA:3,(anonymous_35)
FNDA:2,(anonymous_36)
FNDA:3,(anonymous_37)
FNDA:0,(anonymous_38)
FNDA:0,(anonymous_39)
FNDA:0,(anonymous_40)
FNDA:0,(anonymous_41)
FNDA:0,(anonymous_42)
FNDA:0,(anonymous_43)
FNDA:0,(anonymous_44)
FNDA:0,(anonymous_45)
FNDA:0,(anonymous_46)
FNDA:0,(anonymous_47)
FNDA:0,(anonymous_48)
FNDA:0,(anonymous_49)
FNDA:0,(anonymous_50)
FNDA:0,(anonymous_51)
FNDA:0,(anonymous_52)
FNDA:0,(anonymous_53)
FNDA:0,(anonymous_54)
FNDA:0,(anonymous_55)
FNDA:0,(anonymous_56)
FNDA:0,(anonymous_57)
FNDA:0,(anonymous_58)
FNDA:0,(anonymous_59)
FNDA:0,(anonymous_60)
FNDA:0,(anonymous_61)
FNDA:0,(anonymous_62)
FNDA:0,(anonymous_63)
FNDA:0,(anonymous_64)
FNDA:0,(anonymous_65)
FNDA:0,(anonymous_66)
FNDA:0,(anonymous_67)
FNDA:0,(anonymous_68)
FNDA:0,(anonymous_69)
FNDA:0,(anonymous_70)
FNDA:0,(anonymous_71)
FNDA:0,(anonymous_72)
FNDA:1,(anonymous_73)
FNDA:5,(anonymous_74)
FNDA:0,(anonymous_75)
FNDA:0,(anonymous_76)
FNDA:0,(anonymous_77)
FNDA:0,(anonymous_78)
FNDA:0,(anonymous_79)
FNDA:0,(anonymous_80)
FNDA:0,(anonymous_81)
FNDA:0,(anonymous_82)
FNDA:0,(anonymous_83)
FNDA:0,(anonymous_84)
FNDA:0,(anonymous_85)
FNDA:0,init
FNDA:0,(anonymous_87)
FNDA:0,(anonymous_88)
FNDA:0,(anonymous_89)
FNDA:0,(anonymous_90)
FNDA:0,(anonymous_91)
FNDA:0,resizeCanvas
FNDA:0,calcMapSize
FNDA:0,createCanvas
FNDA:0,update
FNDA:0,render
FNDA:0,updatePlayerDirection
FNDA:0,touchStart
FNDA:0,(anonymous_99)
FNDA:0,touchMove
FNDA:0,touchEnd
DA:1,2
DA:2,2
DA:3,2
DA:6,2
DA:7,2
DA:8,2
DA:9,2
DA:10,2
DA:12,2
DA:18,2
DA:27,2
DA:35,2
DA:50,2
DA:51,2
DA:52,2
DA:53,2
DA:54,2
DA:55,2
DA:58,1
DA:62,0
DA:63,0
DA:64,0
DA:67,0
DA:68,0
DA:69,0
DA:70,0
DA:71,0
DA:72,0
DA:73,0
DA:76,0
DA:77,0
DA:78,0
DA:79,0
DA:80,0
DA:81,0
DA:82,0
DA:84,0
DA:85,0
DA:90,0
DA:91,0
DA:95,0
DA:99,0
DA:100,0
DA:101,0
DA:102,0
DA:106,0
DA:107,0
DA:108,0
DA:112,0
DA:113,0
DA:114,0
DA:120,0
DA:121,0
DA:122,0
DA:123,0
DA:124,0
DA:125,0
DA:126,0
DA:127,0
DA:130,0
DA:134,0
DA:135,0
DA:139,0
DA:143,0
DA:144,0
DA:145,0
DA:149,0
DA:150,0
DA:151,0
DA:152,0
DA:153,0
DA:154,0
DA:156,0
DA:157,0
DA:158,0
DA:159,0
DA:161,0
DA:162,0
DA:166,0
DA:167,0
DA:168,0
DA:169,0
DA:170,0
DA:171,0
DA:172,0
DA:173,0
DA:174,0
DA:175,0
DA:176,0
DA:178,0
DA:180,0
DA:181,0
DA:184,0
DA:186,0
DA:187,0
DA:188,0
DA:189,0
DA:190,0
DA:191,0
DA:192,0
DA:194,0
DA:198,0
DA:199,0
DA:200,0
DA:202,0
DA:203,0
DA:204,0
DA:205,0
DA:206,0
DA:207,0
DA:208,0
DA:209,0
DA:210,0
DA:211,0
DA:212,0
DA:213,0
DA:214,0
DA:215,0
DA:217,0
DA:218,0
DA:219,0
DA:220,0
DA:221,0
DA:222,0
DA:223,0
DA:224,0
DA:231,0
DA:237,0
DA:238,0
DA:239,0
DA:240,0
DA:244,0
DA:245,0
DA:246,0
DA:247,0
DA:248,0
DA:251,0
DA:255,0
DA:259,0
DA:263,0
DA:264,0
DA:265,0
DA:266,0
DA:267,0
DA:268,0
DA:272,0
DA:273,0
DA:279,0
DA:280,0
DA:281,0
DA:282,0
DA:286,0
DA:287,0
DA:288,0
DA:289,0
DA:296,0
DA:297,0
DA:301,0
DA:302,0
DA:303,0
DA:304,0
DA:305,0
DA:306,0
DA:307,0
DA:308,0
DA:315,0
DA:316,0
DA:318,0
DA:319,0
DA:320,0
DA:321,0
DA:327,25
DA:328,25
DA:332,3
DA:336,3
DA:337,3
DA:341,2
DA:345,3
DA:349,0
DA:350,0
DA:356,0
DA:357,0
DA:358,0
DA:359,0
DA:360,0
DA:361,0
DA:365,0
DA:366,0
DA:367,0
DA:368,0
DA:369,0
DA:372,0
DA:376,0
DA:377,0
DA:378,0
DA:379,0
DA:380,0
DA:381,0
DA:382,0
DA:383,0
DA:390,0
DA:394,0
DA:395,0
DA:396,0
DA:397,0
DA:398,0
DA:400,0
DA:401,0
DA:403,0
DA:404,0
DA:405,0
DA:406,0
DA:407,0
DA:408,0
DA:409,0
DA:410,0
DA:411,0
DA:413,0
DA:417,0
DA:418,0
DA:424,0
DA:425,0
DA:426,0
DA:427,0
DA:428,0
DA:429,0
DA:433,0
DA:434,0
DA:438,0
DA:439,0
DA:440,0
DA:444,0
DA:445,0
DA:446,0
DA:447,0
DA:448,0
DA:449,0
DA:450,0
DA:451,0
DA:452,0
DA:453,0
DA:455,0
DA:456,0
DA:457,0
DA:458,0
DA:459,0
DA:460,0
DA:462,0
DA:463,0
DA:467,0
DA:471,0
DA:472,0
DA:473,0
DA:474,0
DA:475,0
DA:477,0
DA:481,0
DA:483,0
DA:484,0
DA:485,0
DA:486,0
DA:487,0
DA:489,0
DA:490,0
DA:491,0
DA:492,0
DA:494,0
DA:495,0
DA:497,0
DA:498,0
DA:499,0
DA:500,0
DA:502,0
DA:503,0
DA:507,0
DA:508,0
DA:512,0
DA:513,0
DA:514,0
DA:515,0
DA:516,0
DA:517,0
DA:518,0
DA:519,0
DA:520,0
DA:527,0
DA:528,0
DA:530,0
DA:531,0
DA:532,0
DA:533,0
DA:534,0
DA:535,0
DA:536,0
DA:550,0
DA:551,0
DA:555,0
DA:556,0
DA:557,0
DA:558,0
DA:559,0
DA:562,0
DA:566,0
DA:570,0
DA:571,0
DA:575,0
DA:576,0
DA:577,0
DA:584,0
DA:586,0
DA:590,0
DA:594,0
DA:595,0
DA:596,0
DA:600,0
DA:601,0
DA:607,1
DA:608,1
DA:609,1
DA:610,1
DA:611,1
DA:612,1
DA:613,1
DA:614,1
DA:615,1
DA:619,5
DA:620,5
DA:621,5
DA:622,5
DA:626,0
DA:627,0
DA:628,0
DA:629,0
DA:633,0
DA:634,0
DA:635,0
DA:636,0
DA:637,0
DA:640,0
DA:644,0
DA:645,0
DA:647,0
DA:649,0
DA:653,0
DA:654,0
DA:656,0
DA:657,0
DA:659,0
DA:663,0
DA:664,0
DA:665,0
DA:666,0
DA:670,0
DA:671,0
DA:672,0
DA:673,0
DA:674,0
DA:685,0
DA:686,0
DA:687,0
DA:688,0
DA:703,0
DA:705,0
DA:706,0
DA:707,0
DA:708,0
DA:709,0
DA:722,0
DA:723,0
DA:724,0
DA:725,0
DA:726,0
DA:740,0
DA:741,0
DA:742,0
DA:743,0
DA:744,0
DA:755,0
DA:756,0
DA:757,0
DA:758,0
DA:774,0
DA:775,0
DA:776,0
DA:777,0
DA:779,0
DA:785,0
DA:786,0
DA:787,0
DA:788,0
DA:790,0
DA:791,0
DA:794,0
DA:796,0
DA:797,0
DA:799,0
DA:800,0
DA:801,0
DA:802,0
DA:804,0
DA:807,2
DA:810,0
DA:811,0
DA:812,0
DA:813,0
DA:817,0
DA:818,0
DA:819,0
DA:820,0
DA:821,0
DA:823,0
DA:824,0
DA:825,0
DA:829,0
DA:830,0
DA:832,0
DA:834,0
DA:838,0
DA:840,0
DA:844,0
DA:845,0
DA:846,0
DA:848,0
DA:849,0
DA:850,0
DA:851,0
DA:852,0
DA:856,0
DA:857,0
DA:859,0
DA:860,0
DA:862,0
DA:863,0
DA:864,0
DA:865,0
DA:866,0
DA:868,0
DA:869,0
DA:870,0
DA:873,2
DA:874,2
DA:875,2
DA:876,2
DA:878,0
DA:879,0
DA:880,0
DA:882,0
DA:883,0
DA:885,0
DA:886,0
DA:888,0
DA:889,0
DA:890,0
DA:891,0
DA:894,2
DA:895,2
DA:897,0
DA:898,0
DA:899,0
DA:900,0
DA:901,0
DA:903,0
DA:904,0
DA:905,0
DA:907,0
DA:908,0
DA:909,0
DA:910,0
DA:915,0
DA:918,2
DA:919,2
LF:471
LH:48
BRDA:61,0,0,0
BRDA:63,1,0,0
BRDA:63,1,1,0
BRDA:70,2,0,0
BRDA:70,2,1,0
BRDA:72,3,0,0
BRDA:72,3,1,0
BRDA:76,4,0,0
BRDA:76,4,1,0
BRDA:80,5,0,0
BRDA:80,5,1,0
BRDA:151,6,0,0
BRDA:151,6,1,0
BRDA:153,7,0,0
BRDA:153,7,1,0
BRDA:156,8,0,0
BRDA:156,8,1,0
BRDA:158,9,0,0
BRDA:158,9,1,0
BRDA:166,10,0,0
BRDA:166,10,1,0
BRDA:169,11,0,0
BRDA:169,11,1,0
BRDA:170,12,0,0
BRDA:170,12,1,0
BRDA:172,13,0,0
BRDA:172,13,1,0
BRDA:175,14,0,0
BRDA:175,14,1,0
BRDA:175,15,0,0
BRDA:175,15,1,0
BRDA:175,15,2,0
BRDA:175,15,3,0
BRDA:191,16,0,0
BRDA:191,16,1,0
BRDA:199,17,0,0
BRDA:199,17,1,0
BRDA:289,18,0,0
BRDA:289,18,1,0
BRDA:289,18,2,0
BRDA:289,18,3,0
BRDA:336,19,0,3
BRDA:336,19,1,1
BRDA:377,20,0,0
BRDA:377,20,1,0
BRDA:378,21,0,0
BRDA:378,21,1,0
BRDA:410,22,0,0
BRDA:410,22,1,0
BRDA:448,23,0,0
BRDA:448,23,1,0
BRDA:451,24,0,0
BRDA:451,24,1,0
BRDA:455,25,0,0
BRDA:455,25,1,0
BRDA:458,26,0,0
BRDA:458,26,1,0
BRDA:473,27,0,0
BRDA:473,27,1,0
BRDA:559,28,0,0
BRDA:559,28,1,0
BRDA:559,29,0,0
BRDA:559,29,1,0
BRDA:559,29,2,0
BRDA:644,30,0,0
BRDA:644,30,1,0
BRDA:644,31,0,0
BRDA:644,31,1,0
BRDA:690,32,0,0
BRDA:690,32,1,0
BRDA:722,33,0,0
BRDA:722,33,1,0
BRDA:722,34,0,0
BRDA:722,34,1,0
BRDA:763,35,0,0
BRDA:763,35,1,0
BRDA:774,36,0,0
BRDA:774,36,1,0
BRDA:776,37,0,0
BRDA:776,37,1,0
BRDA:785,38,0,0
BRDA:785,38,1,0
BRDA:821,39,0,0
BRDA:821,39,1,0
BRDA:856,40,0,0
BRDA:856,40,1,0
BRDA:856,41,0,0
BRDA:856,41,1,0
BRDA:859,42,0,0
BRDA:859,42,1,0
BRDA:859,43,0,0
BRDA:859,43,1,0
BRDA:862,44,0,0
BRDA:862,44,1,0
BRDA:862,44,2,0
BRDA:862,44,3,0
BRDA:868,45,0,0
BRDA:868,45,1,0
BRDA:868,46,0,0
BRDA:868,46,1,0
BRDA:869,47,0,0
BRDA:869,47,1,0
BRDA:869,48,0,0
BRDA:869,48,1,0
BRDA:878,49,0,0
BRDA:878,49,1,0
BRDA:879,50,0,0
BRDA:879,50,1,0
BRDA:885,51,0,0
BRDA:885,51,1,0
BRDA:901,52,0,0
BRDA:901,52,1,0
BRDA:901,53,0,0
BRDA:901,53,1,0
BRDA:905,54,0,0
BRDA:905,54,1,0
BRDA:905,55,0,0
BRDA:905,55,1,0
BRDA:918,56,0,2
BRDA:918,56,1,0
BRDA:918,57,0,2
BRDA:918,57,1,2
BRF:122
BRH:5
end_of_record
